<?xml version="1.0" encoding="UTF-8"?>
<coverage generated="1767885416098" clover="3.2.0">
  <project timestamp="1767885416098" name="All files">
    <metrics statements="570" coveredstatements="503" conditionals="383" coveredconditionals="292" methods="174" coveredmethods="145" elements="1127" coveredelements="940" complexity="0" loc="570" ncloc="570" packages="10" files="33" classes="33"/>
    <package name="app">
      <metrics statements="243" coveredstatements="201" conditionals="151" coveredconditionals="101" methods="74" coveredmethods="54"/>
      <file name="_layout.tsx" path="/media/hailam/DATA/Undergraduate/HK-251/Mobile Application Development/Assignment/DeadTood-FE/app/_layout.tsx">
        <metrics statements="9" coveredstatements="8" conditionals="6" coveredconditionals="5" methods="2" coveredmethods="2"/>
        <line num="19" count="1" type="stmt"/>
        <line num="24" count="3" type="stmt"/>
        <line num="25" count="3" type="stmt"/>
        <line num="26" count="3" type="stmt"/>
        <line num="28" count="3" type="stmt"/>
        <line num="30" count="3" type="cond" truecount="1" falsecount="1"/>
        <line num="31" count="0" type="stmt"/>
        <line num="45" count="3" type="stmt"/>
        <line num="81" count="3" type="stmt"/>
      </file>
      <file name="login.tsx" path="/media/hailam/DATA/Undergraduate/HK-251/Mobile Application Development/Assignment/DeadTood-FE/app/login.tsx">
        <metrics statements="22" coveredstatements="22" conditionals="13" coveredconditionals="11" methods="4" coveredmethods="4"/>
        <line num="23" count="1" type="stmt"/>
        <line num="26" count="18" type="stmt"/>
        <line num="27" count="18" type="stmt"/>
        <line num="30" count="18" type="stmt"/>
        <line num="31" count="18" type="stmt"/>
        <line num="32" count="18" type="stmt"/>
        <line num="33" count="18" type="stmt"/>
        <line num="35" count="18" type="stmt"/>
        <line num="36" count="3" type="cond" truecount="4" falsecount="0"/>
        <line num="37" count="1" type="stmt"/>
        <line num="38" count="1" type="stmt"/>
        <line num="41" count="2" type="stmt"/>
        <line num="42" count="2" type="stmt"/>
        <line num="43" count="2" type="stmt"/>
        <line num="46" count="1" type="stmt"/>
        <line num="48" count="1" type="cond" truecount="2" falsecount="1"/>
        <line num="51" count="1" type="stmt"/>
        <line num="53" count="2" type="stmt"/>
        <line num="57" count="18" type="stmt"/>
        <line num="72" count="1" type="stmt"/>
        <line num="143" count="1" type="stmt"/>
        <line num="210" count="1" type="stmt"/>
      </file>
      <file name="modal.tsx" path="/media/hailam/DATA/Undergraduate/HK-251/Mobile Application Development/Assignment/DeadTood-FE/app/modal.tsx">
        <metrics statements="109" coveredstatements="73" conditionals="76" coveredconditionals="42" methods="38" coveredmethods="20"/>
        <line num="26" count="13" type="stmt"/>
        <line num="27" count="13" type="stmt"/>
        <line num="28" count="13" type="stmt"/>
        <line num="29" count="13" type="stmt"/>
        <line num="32" count="13" type="stmt"/>
        <line num="33" count="13" type="stmt"/>
        <line num="34" count="13" type="stmt"/>
        <line num="35" count="13" type="stmt"/>
        <line num="36" count="13" type="stmt"/>
        <line num="37" count="13" type="stmt"/>
        <line num="38" count="13" type="stmt"/>
        <line num="39" count="13" type="stmt"/>
        <line num="40" count="13" type="stmt"/>
        <line num="43" count="13" type="stmt"/>
        <line num="44" count="13" type="stmt"/>
        <line num="45" count="13" type="stmt"/>
        <line num="46" count="13" type="stmt"/>
        <line num="47" count="13" type="stmt"/>
        <line num="48" count="13" type="stmt"/>
        <line num="50" count="13" type="cond" truecount="1" falsecount="1"/>
        <line num="53" count="13" type="stmt"/>
        <line num="58" count="26" type="stmt"/>
        <line num="60" count="13" type="stmt"/>
        <line num="66" count="13" type="stmt"/>
        <line num="72" count="25" type="stmt"/>
        <line num="73" count="26" type="stmt"/>
        <line num="74" count="13" type="stmt"/>
        <line num="76" count="13" type="stmt"/>
        <line num="77" count="13" type="cond" truecount="2" falsecount="0"/>
        <line num="78" count="1" type="stmt"/>
        <line num="81" count="13" type="stmt"/>
        <line num="82" count="13" type="cond" truecount="1" falsecount="1"/>
        <line num="83" count="0" type="stmt"/>
        <line num="86" count="13" type="stmt"/>
        <line num="88" count="1" type="cond" truecount="1" falsecount="1"/>
        <line num="89" count="1" type="stmt"/>
        <line num="93" count="13" type="stmt"/>
        <line num="94" count="0" type="cond" truecount="0" falsecount="2"/>
        <line num="95" count="0" type="stmt"/>
        <line num="99" count="13" type="stmt"/>
        <line num="100" count="1" type="stmt"/>
        <line num="103" count="13" type="stmt"/>
        <line num="104" count="0" type="cond" truecount="0" falsecount="2"/>
        <line num="106" count="0" type="stmt"/>
        <line num="107" count="0" type="stmt"/>
        <line num="110" count="0" type="cond" truecount="0" falsecount="2"/>
        <line num="111" count="0" type="stmt"/>
        <line num="112" count="0" type="stmt"/>
        <line num="116" count="0" type="stmt"/>
        <line num="119" count="0" type="stmt"/>
        <line num="120" count="0" type="stmt"/>
        <line num="132" count="0" type="stmt"/>
        <line num="134" count="0" type="stmt"/>
        <line num="138" count="13" type="stmt"/>
        <line num="139" count="3" type="cond" truecount="2" falsecount="0"/>
        <line num="140" count="1" type="stmt"/>
        <line num="141" count="1" type="stmt"/>
        <line num="143" count="2" type="cond" truecount="2" falsecount="0"/>
        <line num="144" count="1" type="stmt"/>
        <line num="145" count="1" type="stmt"/>
        <line num="147" count="1" type="cond" truecount="1" falsecount="1"/>
        <line num="148" count="0" type="stmt"/>
        <line num="149" count="0" type="stmt"/>
        <line num="153" count="1" type="stmt"/>
        <line num="154" count="1" type="stmt"/>
        <line num="155" count="1" type="stmt"/>
        <line num="157" count="1" type="cond" truecount="1" falsecount="1"/>
        <line num="158" count="0" type="stmt"/>
        <line num="160" count="1" type="stmt"/>
        <line num="161" count="1" type="stmt"/>
        <line num="163" count="1" type="stmt"/>
        <line num="165" count="1" type="stmt"/>
        <line num="175" count="1" type="cond" truecount="1" falsecount="1"/>
        <line num="177" count="1" type="cond" truecount="1" falsecount="1"/>
        <line num="178" count="0" type="stmt"/>
        <line num="180" count="1" type="stmt"/>
        <line num="184" count="13" type="stmt"/>
        <line num="185" count="0" type="stmt"/>
        <line num="189" count="13" type="stmt"/>
        <line num="206" count="52" type="stmt"/>
        <line num="215" count="143" type="stmt"/>
        <line num="223" count="2" type="cond" truecount="2" falsecount="0"/>
        <line num="224" count="2" type="stmt"/>
        <line num="235" count="13" type="stmt"/>
        <line num="281" count="2" type="stmt"/>
        <line num="329" count="1" type="stmt"/>
        <line num="343" count="0" type="stmt"/>
        <line num="365" count="0" type="stmt"/>
        <line num="380" count="0" type="stmt"/>
        <line num="413" count="0" type="stmt"/>
        <line num="450" count="0" type="stmt"/>
        <line num="455" count="0" type="stmt"/>
        <line num="459" count="0" type="stmt"/>
        <line num="482" count="0" type="stmt"/>
        <line num="483" count="0" type="cond" truecount="0" falsecount="2"/>
        <line num="496" count="0" type="stmt"/>
        <line num="501" count="0" type="stmt"/>
        <line num="505" count="0" type="stmt"/>
        <line num="527" count="0" type="stmt"/>
        <line num="528" count="0" type="cond" truecount="0" falsecount="2"/>
        <line num="537" count="2" type="stmt"/>
        <line num="543" count="26" type="stmt"/>
        <line num="556" count="0" type="stmt"/>
        <line num="562" count="39" type="stmt"/>
        <line num="572" count="0" type="stmt"/>
        <line num="578" count="39" type="stmt"/>
        <line num="588" count="0" type="stmt"/>
        <line num="594" count="39" type="stmt"/>
        <line num="604" count="1" type="stmt"/>
      </file>
      <file name="onboarding.tsx" path="/media/hailam/DATA/Undergraduate/HK-251/Mobile Application Development/Assignment/DeadTood-FE/app/onboarding.tsx">
        <metrics statements="27" coveredstatements="24" conditionals="18" coveredconditionals="10" methods="9" coveredmethods="8"/>
        <line num="16" count="1" type="stmt"/>
        <line num="18" count="1" type="stmt"/>
        <line num="66" count="1" type="stmt"/>
        <line num="67" count="12" type="stmt"/>
        <line num="105" count="1" type="stmt"/>
        <line num="106" count="3" type="stmt"/>
        <line num="109" count="12" type="stmt"/>
        <line num="110" count="12" type="stmt"/>
        <line num="130" count="3" type="stmt"/>
        <line num="131" count="3" type="stmt"/>
        <line num="132" count="3" type="stmt"/>
        <line num="133" count="3" type="stmt"/>
        <line num="135" count="3" type="stmt"/>
        <line num="137" count="0" type="cond" truecount="0" falsecount="4"/>
        <line num="138" count="0" type="stmt"/>
        <line num="143" count="3" type="stmt"/>
        <line num="145" count="3" type="stmt"/>
        <line num="146" count="1" type="stmt"/>
        <line num="147" count="1" type="stmt"/>
        <line num="150" count="3" type="stmt"/>
        <line num="151" count="1" type="cond" truecount="1" falsecount="1"/>
        <line num="152" count="1" type="stmt"/>
        <line num="154" count="0" type="stmt"/>
        <line num="158" count="3" type="stmt"/>
        <line num="166" count="12" type="stmt"/>
        <line num="172" count="15" type="stmt"/>
        <line num="223" count="1" type="stmt"/>
      </file>
      <file name="profile.tsx" path="/media/hailam/DATA/Undergraduate/HK-251/Mobile Application Development/Assignment/DeadTood-FE/app/profile.tsx">
        <metrics statements="31" coveredstatements="29" conditionals="19" coveredconditionals="16" methods="11" coveredmethods="10"/>
        <line num="29" count="11" type="stmt"/>
        <line num="30" count="11" type="stmt"/>
        <line num="31" count="11" type="stmt"/>
        <line num="33" count="11" type="stmt"/>
        <line num="34" count="11" type="stmt"/>
        <line num="44" count="11" type="stmt"/>
        <line num="46" count="11" type="stmt"/>
        <line num="47" count="1" type="stmt"/>
        <line num="50" count="11" type="stmt"/>
        <line num="51" count="2" type="stmt"/>
        <line num="52" count="2" type="stmt"/>
        <line num="55" count="11" type="stmt"/>
        <line num="56" count="1" type="stmt"/>
        <line num="57" count="1" type="stmt"/>
        <line num="58" count="1" type="stmt"/>
        <line num="61" count="11" type="stmt"/>
        <line num="62" count="1" type="stmt"/>
        <line num="63" count="1" type="stmt"/>
        <line num="66" count="11" type="stmt"/>
        <line num="67" count="0" type="stmt"/>
        <line num="70" count="11" type="stmt"/>
        <line num="71" count="1" type="stmt"/>
        <line num="80" count="1" type="stmt"/>
        <line num="81" count="1" type="stmt"/>
        <line num="84" count="0" type="stmt"/>
        <line num="92" count="11" type="stmt"/>
        <line num="99" count="66" type="stmt"/>
        <line num="109" count="2" type="stmt"/>
        <line num="119" count="11" type="stmt"/>
        <line num="146" count="22" type="stmt"/>
        <line num="243" count="1" type="stmt"/>
      </file>
      <file name="register.tsx" path="/media/hailam/DATA/Undergraduate/HK-251/Mobile Application Development/Assignment/DeadTood-FE/app/register.tsx">
        <metrics statements="27" coveredstatements="27" conditionals="15" coveredconditionals="13" methods="5" coveredmethods="5"/>
        <line num="21" count="1" type="stmt"/>
        <line num="24" count="22" type="stmt"/>
        <line num="25" count="22" type="stmt"/>
        <line num="28" count="22" type="stmt"/>
        <line num="29" count="22" type="stmt"/>
        <line num="30" count="22" type="stmt"/>
        <line num="31" count="22" type="stmt"/>
        <line num="32" count="22" type="stmt"/>
        <line num="34" count="22" type="stmt"/>
        <line num="35" count="4" type="cond" truecount="5" falsecount="0"/>
        <line num="36" count="1" type="stmt"/>
        <line num="37" count="1" type="stmt"/>
        <line num="40" count="3" type="cond" truecount="2" falsecount="0"/>
        <line num="41" count="1" type="stmt"/>
        <line num="42" count="1" type="stmt"/>
        <line num="45" count="2" type="stmt"/>
        <line num="46" count="2" type="stmt"/>
        <line num="47" count="2" type="stmt"/>
        <line num="48" count="1" type="stmt"/>
        <line num="50" count="1" type="stmt"/>
        <line num="51" count="1" type="stmt"/>
        <line num="56" count="2" type="stmt"/>
        <line num="60" count="22" type="stmt"/>
        <line num="73" count="1" type="stmt"/>
        <line num="144" count="1" type="stmt"/>
        <line num="200" count="1" type="stmt"/>
        <line num="220" count="1" type="stmt"/>
      </file>
      <file name="splash.tsx" path="/media/hailam/DATA/Undergraduate/HK-251/Mobile Application Development/Assignment/DeadTood-FE/app/splash.tsx">
        <metrics statements="15" coveredstatements="15" conditionals="4" coveredconditionals="4" methods="4" coveredmethods="4"/>
        <line num="9" count="4" type="stmt"/>
        <line num="10" count="4" type="stmt"/>
        <line num="11" count="4" type="stmt"/>
        <line num="12" count="4" type="stmt"/>
        <line num="13" count="4" type="stmt"/>
        <line num="15" count="4" type="stmt"/>
        <line num="17" count="4" type="stmt"/>
        <line num="32" count="4" type="stmt"/>
        <line num="33" count="3" type="cond" truecount="2" falsecount="0"/>
        <line num="34" count="2" type="cond" truecount="2" falsecount="0"/>
        <line num="35" count="1" type="stmt"/>
        <line num="37" count="1" type="stmt"/>
        <line num="42" count="4" type="stmt"/>
        <line num="45" count="4" type="stmt"/>
        <line num="68" count="1" type="stmt"/>
      </file>
      <file name="welcome.tsx" path="/media/hailam/DATA/Undergraduate/HK-251/Mobile Application Development/Assignment/DeadTood-FE/app/welcome.tsx">
        <metrics statements="3" coveredstatements="3" conditionals="0" coveredconditionals="0" methods="1" coveredmethods="1"/>
        <line num="15" count="1" type="stmt"/>
        <line num="18" count="4" type="stmt"/>
        <line num="90" count="1" type="stmt"/>
      </file>
    </package>
    <package name="app.(tabs)">
      <metrics statements="103" coveredstatements="94" conditionals="59" coveredconditionals="51" methods="43" coveredmethods="36"/>
      <file name="_layout.tsx" path="/media/hailam/DATA/Undergraduate/HK-251/Mobile Application Development/Assignment/DeadTood-FE/app/(tabs)/_layout.tsx">
        <metrics statements="16" coveredstatements="15" conditionals="12" coveredconditionals="11" methods="10" coveredmethods="9"/>
        <line num="11" count="56" type="stmt"/>
        <line num="12" count="56" type="stmt"/>
        <line num="19" count="56" type="stmt"/>
        <line num="28" count="7" type="stmt"/>
        <line num="29" count="7" type="stmt"/>
        <line num="31" count="7" type="stmt"/>
        <line num="35" count="1" type="stmt"/>
        <line num="45" count="7" type="stmt"/>
        <line num="47" count="7" type="stmt"/>
        <line num="61" count="14" type="stmt"/>
        <line num="68" count="14" type="stmt"/>
        <line num="76" count="7" type="stmt"/>
        <line num="80" count="0" type="stmt"/>
        <line num="88" count="14" type="stmt"/>
        <line num="95" count="14" type="stmt"/>
        <line num="109" count="1" type="stmt"/>
      </file>
      <file name="add-task.tsx" path="/media/hailam/DATA/Undergraduate/HK-251/Mobile Application Development/Assignment/DeadTood-FE/app/(tabs)/add-task.tsx">
        <metrics statements="1" coveredstatements="1" conditionals="0" coveredconditionals="0" methods="1" coveredmethods="1"/>
        <line num="4" count="1" type="stmt"/>
      </file>
      <file name="courses.tsx" path="/media/hailam/DATA/Undergraduate/HK-251/Mobile Application Development/Assignment/DeadTood-FE/app/(tabs)/courses.tsx">
        <metrics statements="21" coveredstatements="21" conditionals="12" coveredconditionals="11" methods="6" coveredmethods="6"/>
        <line num="12" count="7" type="stmt"/>
        <line num="13" count="7" type="stmt"/>
        <line num="14" count="7" type="stmt"/>
        <line num="15" count="7" type="stmt"/>
        <line num="17" count="7" type="stmt"/>
        <line num="19" count="7" type="stmt"/>
        <line num="20" count="7" type="stmt"/>
        <line num="24" count="7" type="cond" truecount="2" falsecount="0"/>
        <line num="25" count="7" type="cond" truecount="2" falsecount="0"/>
        <line num="27" count="7" type="stmt"/>
        <line num="28" count="1" type="stmt"/>
        <line num="31" count="7" type="stmt"/>
        <line num="32" count="1" type="stmt"/>
        <line num="35" count="7" type="cond" truecount="2" falsecount="0"/>
        <line num="36" count="1" type="stmt"/>
        <line num="46" count="6" type="cond" truecount="2" falsecount="0"/>
        <line num="47" count="1" type="stmt"/>
        <line num="58" count="5" type="stmt"/>
        <line num="106" count="3" type="stmt"/>
        <line num="109" count="1" type="stmt"/>
        <line num="130" count="1" type="stmt"/>
      </file>
      <file name="index.tsx" path="/media/hailam/DATA/Undergraduate/HK-251/Mobile Application Development/Assignment/DeadTood-FE/app/(tabs)/index.tsx">
        <metrics statements="17" coveredstatements="17" conditionals="10" coveredconditionals="7" methods="5" coveredmethods="5"/>
        <line num="13" count="6" type="stmt"/>
        <line num="14" count="6" type="stmt"/>
        <line num="15" count="6" type="stmt"/>
        <line num="17" count="6" type="stmt"/>
        <line num="19" count="6" type="stmt"/>
        <line num="23" count="6" type="stmt"/>
        <line num="24" count="1" type="stmt"/>
        <line num="27" count="6" type="cond" truecount="2" falsecount="0"/>
        <line num="28" count="1" type="stmt"/>
        <line num="37" count="5" type="cond" truecount="2" falsecount="0"/>
        <line num="38" count="1" type="stmt"/>
        <line num="47" count="4" type="stmt"/>
        <line num="48" count="4" type="cond" truecount="1" falsecount="1"/>
        <line num="50" count="4" type="stmt"/>
        <line num="89" count="8" type="stmt"/>
        <line num="92" count="1" type="stmt"/>
        <line num="101" count="1" type="stmt"/>
      </file>
      <file name="settings.tsx" path="/media/hailam/DATA/Undergraduate/HK-251/Mobile Application Development/Assignment/DeadTood-FE/app/(tabs)/settings.tsx">
        <metrics statements="27" coveredstatements="19" conditionals="9" coveredconditionals="6" methods="13" coveredmethods="7"/>
        <line num="41" count="60" type="stmt"/>
        <line num="96" count="6" type="stmt"/>
        <line num="97" count="6" type="stmt"/>
        <line num="98" count="6" type="stmt"/>
        <line num="99" count="6" type="stmt"/>
        <line num="101" count="6" type="stmt"/>
        <line num="102" count="1" type="stmt"/>
        <line num="108" count="1" type="stmt"/>
        <line num="115" count="6" type="stmt"/>
        <line num="116" count="6" type="cond" truecount="1" falsecount="2"/>
        <line num="118" count="6" type="stmt"/>
        <line num="120" count="0" type="stmt"/>
        <line num="122" count="0" type="stmt"/>
        <line num="126" count="6" type="stmt"/>
        <line num="127" count="1" type="stmt"/>
        <line num="128" count="1" type="stmt"/>
        <line num="129" count="1" type="stmt"/>
        <line num="130" count="1" type="stmt"/>
        <line num="133" count="6" type="stmt"/>
        <line num="170" count="1" type="stmt"/>
        <line num="242" count="0" type="stmt"/>
        <line num="250" count="0" type="stmt"/>
        <line num="257" count="0" type="stmt"/>
        <line num="283" count="0" type="stmt"/>
        <line num="290" count="0" type="stmt"/>
        <line num="298" count="0" type="stmt"/>
        <line num="327" count="1" type="stmt"/>
      </file>
      <file name="tasks.tsx" path="/media/hailam/DATA/Undergraduate/HK-251/Mobile Application Development/Assignment/DeadTood-FE/app/(tabs)/tasks.tsx">
        <metrics statements="21" coveredstatements="21" conditionals="16" coveredconditionals="16" methods="8" coveredmethods="8"/>
        <line num="15" count="9" type="stmt"/>
        <line num="16" count="9" type="stmt"/>
        <line num="17" count="9" type="stmt"/>
        <line num="18" count="9" type="stmt"/>
        <line num="20" count="9" type="stmt"/>
        <line num="22" count="9" type="stmt"/>
        <line num="26" count="9" type="stmt"/>
        <line num="33" count="9" type="cond" truecount="2" falsecount="0"/>
        <line num="35" count="9" type="stmt"/>
        <line num="36" count="9" type="cond" truecount="2" falsecount="0"/>
        <line num="37" count="6" type="stmt"/>
        <line num="40" count="9" type="cond" truecount="2" falsecount="0"/>
        <line num="41" count="1" type="stmt"/>
        <line num="51" count="8" type="cond" truecount="2" falsecount="0"/>
        <line num="52" count="1" type="stmt"/>
        <line num="63" count="7" type="stmt"/>
        <line num="83" count="28" type="stmt"/>
        <line num="90" count="3" type="stmt"/>
        <line num="114" count="14" type="stmt"/>
        <line num="117" count="1" type="stmt"/>
        <line num="133" count="1" type="stmt"/>
      </file>
    </package>
    <package name="app.course">
      <metrics statements="69" coveredstatements="63" conditionals="57" coveredconditionals="42" methods="18" coveredmethods="18"/>
      <file name="[id].tsx" path="/media/hailam/DATA/Undergraduate/HK-251/Mobile Application Development/Assignment/DeadTood-FE/app/course/[id].tsx">
        <metrics statements="45" coveredstatements="39" conditionals="22" coveredconditionals="15" methods="12" coveredmethods="12"/>
        <line num="20" count="10" type="stmt"/>
        <line num="22" count="10" type="stmt"/>
        <line num="23" count="10" type="cond" truecount="2" falsecount="2"/>
        <line num="24" count="5" type="stmt"/>
        <line num="25" count="5" type="stmt"/>
        <line num="26" count="0" type="stmt"/>
        <line num="27" count="0" type="stmt"/>
        <line num="31" count="10" type="stmt"/>
        <line num="32" count="10" type="cond" truecount="2" falsecount="2"/>
        <line num="33" count="5" type="stmt"/>
        <line num="34" count="5" type="stmt"/>
        <line num="35" count="0" type="stmt"/>
        <line num="36" count="0" type="stmt"/>
        <line num="40" count="10" type="stmt"/>
        <line num="41" count="10" type="cond" truecount="2" falsecount="2"/>
        <line num="43" count="5" type="stmt"/>
        <line num="45" count="0" type="stmt"/>
        <line num="47" count="5" type="stmt"/>
        <line num="49" count="0" type="stmt"/>
        <line num="53" count="10" type="stmt"/>
        <line num="54" count="10" type="stmt"/>
        <line num="55" count="10" type="stmt"/>
        <line num="58" count="10" type="stmt"/>
        <line num="60" count="10" type="stmt"/>
        <line num="105" count="8" type="stmt"/>
        <line num="106" count="8" type="stmt"/>
        <line num="107" count="8" type="stmt"/>
        <line num="109" count="8" type="stmt"/>
        <line num="110" count="8" type="stmt"/>
        <line num="112" count="8" type="cond" truecount="1" falsecount="1"/>
        <line num="113" count="8" type="stmt"/>
        <line num="114" count="14" type="stmt"/>
        <line num="115" count="14" type="stmt"/>
        <line num="117" count="8" type="stmt"/>
        <line num="118" count="1" type="stmt"/>
        <line num="121" count="8" type="stmt"/>
        <line num="122" count="1" type="stmt"/>
        <line num="125" count="8" type="cond" truecount="4" falsecount="0"/>
        <line num="126" count="1" type="stmt"/>
        <line num="135" count="7" type="cond" truecount="2" falsecount="0"/>
        <line num="136" count="1" type="stmt"/>
        <line num="148" count="6" type="stmt"/>
        <line num="231" count="10" type="stmt"/>
        <line num="234" count="1" type="stmt"/>
        <line num="247" count="1" type="stmt"/>
      </file>
      <file name="create.tsx" path="/media/hailam/DATA/Undergraduate/HK-251/Mobile Application Development/Assignment/DeadTood-FE/app/course/create.tsx">
        <metrics statements="24" coveredstatements="24" conditionals="35" coveredconditionals="27" methods="6" coveredmethods="6"/>
        <line num="34" count="1" type="stmt"/>
        <line num="45" count="14" type="stmt"/>
        <line num="46" count="14" type="stmt"/>
        <line num="47" count="14" type="stmt"/>
        <line num="49" count="14" type="stmt"/>
        <line num="50" count="14" type="stmt"/>
        <line num="51" count="14" type="stmt"/>
        <line num="52" count="14" type="stmt"/>
        <line num="53" count="14" type="stmt"/>
        <line num="55" count="14" type="stmt"/>
        <line num="56" count="3" type="cond" truecount="5" falsecount="0"/>
        <line num="57" count="1" type="stmt"/>
        <line num="58" count="1" type="stmt"/>
        <line num="61" count="2" type="stmt"/>
        <line num="71" count="2" type="cond" truecount="2" falsecount="0"/>
        <line num="72" count="1" type="stmt"/>
        <line num="73" count="1" type="stmt"/>
        <line num="76" count="1" type="stmt"/>
        <line num="80" count="14" type="stmt"/>
        <line num="83" count="1" type="stmt"/>
        <line num="157" count="98" type="stmt"/>
        <line num="158" count="98" type="stmt"/>
        <line num="169" count="3" type="stmt"/>
        <line num="211" count="1" type="stmt"/>
      </file>
    </package>
    <package name="app.task">
      <metrics statements="47" coveredstatements="39" conditionals="34" coveredconditionals="20" methods="10" coveredmethods="9"/>
      <file name="[id].tsx" path="/media/hailam/DATA/Undergraduate/HK-251/Mobile Application Development/Assignment/DeadTood-FE/app/task/[id].tsx">
        <metrics statements="47" coveredstatements="39" conditionals="34" coveredconditionals="20" methods="10" coveredmethods="9"/>
        <line num="20" count="6" type="stmt"/>
        <line num="21" count="6" type="stmt"/>
        <line num="22" count="6" type="stmt"/>
        <line num="24" count="6" type="stmt"/>
        <line num="25" count="6" type="stmt"/>
        <line num="28" count="6" type="stmt"/>
        <line num="29" count="6" type="stmt"/>
        <line num="30" count="6" type="stmt"/>
        <line num="32" count="6" type="stmt"/>
        <line num="33" count="1" type="stmt"/>
        <line num="36" count="6" type="stmt"/>
        <line num="37" count="1" type="cond" truecount="1" falsecount="1"/>
        <line num="39" count="1" type="stmt"/>
        <line num="47" count="1" type="stmt"/>
        <line num="48" count="1" type="stmt"/>
        <line num="55" count="6" type="stmt"/>
        <line num="56" count="1" type="cond" truecount="1" falsecount="1"/>
        <line num="58" count="1" type="stmt"/>
        <line num="67" count="1" type="stmt"/>
        <line num="68" count="1" type="stmt"/>
        <line num="75" count="6" type="stmt"/>
        <line num="76" count="4" type="cond" truecount="1" falsecount="3"/>
        <line num="78" count="4" type="stmt"/>
        <line num="80" count="0" type="stmt"/>
        <line num="82" count="0" type="stmt"/>
        <line num="84" count="0" type="stmt"/>
        <line num="88" count="6" type="stmt"/>
        <line num="89" count="4" type="cond" truecount="1" falsecount="3"/>
        <line num="91" count="4" type="stmt"/>
        <line num="93" count="0" type="stmt"/>
        <line num="95" count="0" type="stmt"/>
        <line num="97" count="0" type="stmt"/>
        <line num="101" count="6" type="stmt"/>
        <line num="102" count="4" type="stmt"/>
        <line num="103" count="4" type="stmt"/>
        <line num="106" count="6" type="stmt"/>
        <line num="107" count="0" type="stmt"/>
        <line num="108" count="0" type="stmt"/>
        <line num="112" count="6" type="cond" truecount="2" falsecount="0"/>
        <line num="113" count="1" type="stmt"/>
        <line num="122" count="5" type="cond" truecount="2" falsecount="0"/>
        <line num="123" count="1" type="stmt"/>
        <line num="135" count="4" type="stmt"/>
        <line num="136" count="4" type="stmt"/>
        <line num="137" count="4" type="cond" truecount="2" falsecount="0"/>
        <line num="139" count="4" type="stmt"/>
        <line num="271" count="1" type="stmt"/>
      </file>
    </package>
    <package name="components">
      <metrics statements="23" coveredstatements="23" conditionals="17" coveredconditionals="14" methods="9" coveredmethods="9"/>
      <file name="external-link.tsx" path="/media/hailam/DATA/Undergraduate/HK-251/Mobile Application Development/Assignment/DeadTood-FE/components/external-link.tsx">
        <metrics statements="4" coveredstatements="4" conditionals="2" coveredconditionals="1" methods="2" coveredmethods="2"/>
        <line num="8" count="2" type="stmt"/>
        <line num="14" count="1" type="cond" truecount="1" falsecount="1"/>
        <line num="16" count="1" type="stmt"/>
        <line num="18" count="1" type="stmt"/>
      </file>
      <file name="haptic-tab.tsx" path="/media/hailam/DATA/Undergraduate/HK-251/Mobile Application Development/Assignment/DeadTood-FE/components/haptic-tab.tsx">
        <metrics statements="4" coveredstatements="4" conditionals="2" coveredconditionals="1" methods="2" coveredmethods="2"/>
        <line num="6" count="1" type="stmt"/>
        <line num="10" count="1" type="cond" truecount="1" falsecount="1"/>
        <line num="12" count="1" type="stmt"/>
        <line num="14" count="1" type="stmt"/>
      </file>
      <file name="hello-wave.tsx" path="/media/hailam/DATA/Undergraduate/HK-251/Mobile Application Development/Assignment/DeadTood-FE/components/hello-wave.tsx">
        <metrics statements="1" coveredstatements="1" conditionals="0" coveredconditionals="0" methods="1" coveredmethods="1"/>
        <line num="4" count="2" type="stmt"/>
      </file>
      <file name="parallax-scroll-view.tsx" path="/media/hailam/DATA/Undergraduate/HK-251/Mobile Application Development/Assignment/DeadTood-FE/components/parallax-scroll-view.tsx">
        <metrics statements="9" coveredstatements="9" conditionals="2" coveredconditionals="1" methods="2" coveredmethods="2"/>
        <line num="14" count="1" type="stmt"/>
        <line num="26" count="4" type="stmt"/>
        <line num="27" count="4" type="cond" truecount="1" falsecount="1"/>
        <line num="28" count="4" type="stmt"/>
        <line num="29" count="4" type="stmt"/>
        <line num="30" count="4" type="stmt"/>
        <line num="31" count="4" type="stmt"/>
        <line num="47" count="4" type="stmt"/>
        <line num="65" count="1" type="stmt"/>
      </file>
      <file name="themed-text.tsx" path="/media/hailam/DATA/Undergraduate/HK-251/Mobile Application Development/Assignment/DeadTood-FE/components/themed-text.tsx">
        <metrics statements="3" coveredstatements="3" conditionals="11" coveredconditionals="11" methods="1" coveredmethods="1"/>
        <line num="18" count="8" type="stmt"/>
        <line num="20" count="8" type="stmt"/>
        <line num="36" count="1" type="stmt"/>
      </file>
      <file name="themed-view.tsx" path="/media/hailam/DATA/Undergraduate/HK-251/Mobile Application Development/Assignment/DeadTood-FE/components/themed-view.tsx">
        <metrics statements="2" coveredstatements="2" conditionals="0" coveredconditionals="0" methods="1" coveredmethods="1"/>
        <line num="11" count="6" type="stmt"/>
        <line num="13" count="6" type="stmt"/>
      </file>
    </package>
    <package name="components.common">
      <metrics statements="10" coveredstatements="10" conditionals="4" coveredconditionals="4" methods="3" coveredmethods="3"/>
      <file name="FloatingActionButton.tsx" path="/media/hailam/DATA/Undergraduate/HK-251/Mobile Application Development/Assignment/DeadTood-FE/components/common/FloatingActionButton.tsx">
        <metrics statements="2" coveredstatements="2" conditionals="0" coveredconditionals="0" methods="1" coveredmethods="1"/>
        <line num="10" count="3" type="stmt"/>
        <line num="22" count="1" type="stmt"/>
      </file>
      <file name="Mascot.tsx" path="/media/hailam/DATA/Undergraduate/HK-251/Mobile Application Development/Assignment/DeadTood-FE/components/common/Mascot.tsx">
        <metrics statements="5" coveredstatements="5" conditionals="1" coveredconditionals="1" methods="1" coveredmethods="1"/>
        <line num="18" count="1" type="stmt"/>
        <line num="38" count="4" type="stmt"/>
        <line num="40" count="4" type="stmt"/>
        <line num="52" count="1" type="stmt"/>
        <line num="71" count="1" type="stmt"/>
      </file>
      <file name="SectionHeader.tsx" path="/media/hailam/DATA/Undergraduate/HK-251/Mobile Application Development/Assignment/DeadTood-FE/components/common/SectionHeader.tsx">
        <metrics statements="3" coveredstatements="3" conditionals="3" coveredconditionals="3" methods="1" coveredmethods="1"/>
        <line num="14" count="6" type="stmt"/>
        <line num="16" count="6" type="stmt"/>
        <line num="29" count="1" type="stmt"/>
      </file>
    </package>
    <package name="components.courses">
      <metrics statements="15" coveredstatements="15" conditionals="17" coveredconditionals="17" methods="2" coveredmethods="2"/>
      <file name="CourseCard.tsx" path="/media/hailam/DATA/Undergraduate/HK-251/Mobile Application Development/Assignment/DeadTood-FE/components/courses/CourseCard.tsx">
        <metrics statements="15" coveredstatements="15" conditionals="17" coveredconditionals="17" methods="2" coveredmethods="2"/>
        <line num="18" count="17" type="cond" truecount="11" falsecount="0"/>
        <line num="20" count="7" type="stmt"/>
        <line num="22" count="1" type="stmt"/>
        <line num="30" count="1" type="stmt"/>
        <line num="32" count="1" type="stmt"/>
        <line num="36" count="1" type="stmt"/>
        <line num="38" count="1" type="stmt"/>
        <line num="40" count="1" type="stmt"/>
        <line num="42" count="1" type="stmt"/>
        <line num="44" count="1" type="stmt"/>
        <line num="46" count="1" type="stmt"/>
        <line num="48" count="1" type="stmt"/>
        <line num="53" count="5" type="stmt"/>
        <line num="55" count="5" type="stmt"/>
        <line num="189" count="1" type="stmt"/>
      </file>
    </package>
    <package name="components.home">
      <metrics statements="11" coveredstatements="11" conditionals="11" coveredconditionals="11" methods="3" coveredmethods="3"/>
      <file name="HeaderGreeting.tsx" path="/media/hailam/DATA/Undergraduate/HK-251/Mobile Application Development/Assignment/DeadTood-FE/components/home/HeaderGreeting.tsx">
        <metrics statements="8" coveredstatements="8" conditionals="5" coveredconditionals="5" methods="2" coveredmethods="2"/>
        <line num="11" count="5" type="stmt"/>
        <line num="13" count="5" type="stmt"/>
        <line num="14" count="5" type="stmt"/>
        <line num="15" count="5" type="cond" truecount="2" falsecount="0"/>
        <line num="16" count="4" type="cond" truecount="2" falsecount="0"/>
        <line num="17" count="3" type="stmt"/>
        <line num="20" count="5" type="stmt"/>
        <line num="55" count="1" type="stmt"/>
      </file>
      <file name="StatsCard.tsx" path="/media/hailam/DATA/Undergraduate/HK-251/Mobile Application Development/Assignment/DeadTood-FE/components/home/StatsCard.tsx">
        <metrics statements="3" coveredstatements="3" conditionals="6" coveredconditionals="6" methods="1" coveredmethods="1"/>
        <line num="24" count="4" type="stmt"/>
        <line num="26" count="4" type="stmt"/>
        <line num="63" count="1" type="stmt"/>
      </file>
    </package>
    <package name="components.tasks">
      <metrics statements="41" coveredstatements="41" conditionals="22" coveredconditionals="22" methods="7" coveredmethods="7"/>
      <file name="TaskCard.tsx" path="/media/hailam/DATA/Undergraduate/HK-251/Mobile Application Development/Assignment/DeadTood-FE/components/tasks/TaskCard.tsx">
        <metrics statements="41" coveredstatements="41" conditionals="22" coveredconditionals="22" methods="7" coveredmethods="7"/>
        <line num="13" count="1" type="stmt"/>
        <line num="17" count="5" type="cond" truecount="5" falsecount="0"/>
        <line num="19" count="1" type="stmt"/>
        <line num="21" count="1" type="stmt"/>
        <line num="23" count="1" type="stmt"/>
        <line num="25" count="1" type="stmt"/>
        <line num="27" count="1" type="stmt"/>
        <line num="31" count="1" type="stmt"/>
        <line num="35" count="5" type="cond" truecount="5" falsecount="0"/>
        <line num="37" count="1" type="stmt"/>
        <line num="39" count="1" type="stmt"/>
        <line num="41" count="1" type="stmt"/>
        <line num="43" count="1" type="stmt"/>
        <line num="45" count="1" type="stmt"/>
        <line num="49" count="1" type="stmt"/>
        <line num="50" count="10" type="cond" truecount="4" falsecount="0"/>
        <line num="52" count="7" type="stmt"/>
        <line num="54" count="1" type="stmt"/>
        <line num="56" count="1" type="stmt"/>
        <line num="58" count="1" type="stmt"/>
        <line num="62" count="1" type="stmt"/>
        <line num="63" count="10" type="cond" truecount="4" falsecount="0"/>
        <line num="65" count="7" type="stmt"/>
        <line num="67" count="1" type="stmt"/>
        <line num="69" count="1" type="stmt"/>
        <line num="71" count="1" type="stmt"/>
        <line num="75" count="1" type="stmt"/>
        <line num="76" count="10" type="stmt"/>
        <line num="77" count="10" type="stmt"/>
        <line num="91" count="10" type="stmt"/>
        <line num="95" count="10" type="stmt"/>
        <line num="96" count="10" type="stmt"/>
        <line num="97" count="10" type="stmt"/>
        <line num="99" count="10" type="stmt"/>
        <line num="100" count="10" type="cond" truecount="4" falsecount="0"/>
        <line num="102" count="7" type="stmt"/>
        <line num="104" count="1" type="stmt"/>
        <line num="106" count="1" type="stmt"/>
        <line num="108" count="1" type="stmt"/>
        <line num="112" count="10" type="stmt"/>
        <line num="207" count="1" type="stmt"/>
      </file>
    </package>
    <package name="components.ui">
      <metrics statements="8" coveredstatements="6" conditionals="11" coveredconditionals="10" methods="5" coveredmethods="4"/>
      <file name="collapsible.tsx" path="/media/hailam/DATA/Undergraduate/HK-251/Mobile Application Development/Assignment/DeadTood-FE/components/ui/collapsible.tsx">
        <metrics statements="5" coveredstatements="5" conditionals="8" coveredconditionals="8" methods="3" coveredmethods="3"/>
        <line num="11" count="11" type="stmt"/>
        <line num="12" count="11" type="cond" truecount="2" falsecount="0"/>
        <line num="14" count="11" type="stmt"/>
        <line num="18" count="4" type="stmt"/>
        <line num="35" count="1" type="stmt"/>
      </file>
      <file name="icon-symbol.ios.tsx" path="/media/hailam/DATA/Undergraduate/HK-251/Mobile Application Development/Assignment/DeadTood-FE/components/ui/icon-symbol.ios.tsx">
        <metrics statements="1" coveredstatements="1" conditionals="2" coveredconditionals="2" methods="1" coveredmethods="1"/>
        <line num="17" count="4" type="stmt"/>
      </file>
      <file name="icon-symbol.tsx" path="/media/hailam/DATA/Undergraduate/HK-251/Mobile Application Development/Assignment/DeadTood-FE/components/ui/icon-symbol.tsx">
        <metrics statements="2" coveredstatements="0" conditionals="1" coveredconditionals="0" methods="1" coveredmethods="0"/>
        <line num="19" count="0" type="stmt"/>
        <line num="43" count="0" type="stmt"/>
      </file>
    </package>
  </project>
</coverage>
