{"/media/hailam/DATA/Undergraduate/HK-251/Mobile Application Development/Assignment/DeadTood-FE/app/_layout.tsx": {"path":"/media/hailam/DATA/Undergraduate/HK-251/Mobile Application Development/Assignment/DeadTood-FE/app/_layout.tsx","statementMap":{"0":{"start":{"line":19,"column":33},"end":{"line":21,"column":1}},"1":{"start":{"line":24,"column":23},"end":{"line":24,"column":33}},"2":{"start":{"line":25,"column":4},"end":{"line":25,"column":27}},"3":{"start":{"line":26,"column":55},"end":{"line":26,"column":64}},"4":{"start":{"line":28,"column":4},"end":{"line":28,"column":62}},"5":{"start":{"line":30,"column":4},"end":{"line":43,"column":5}},"6":{"start":{"line":31,"column":8},"end":{"line":42,"column":10}},"7":{"start":{"line":45,"column":4},"end":{"line":77,"column":6}},"8":{"start":{"line":81,"column":4},"end":{"line":87,"column":6}}},"fnMap":{"0":{"name":"RootLayoutNav","decl":{"start":{"line":23,"column":9},"end":{"line":23,"column":22}},"loc":{"start":{"line":23,"column":25},"end":{"line":78,"column":1}},"line":23},"1":{"name":"RootLayout","decl":{"start":{"line":80,"column":24},"end":{"line":80,"column":34}},"loc":{"start":{"line":80,"column":37},"end":{"line":88,"column":1}},"line":80}},"branchMap":{"0":{"loc":{"start":{"line":30,"column":4},"end":{"line":43,"column":5}},"type":"if","locations":[{"start":{"line":30,"column":4},"end":{"line":43,"column":5}},{"start":{},"end":{}}],"line":30},"1":{"loc":{"start":{"line":46,"column":40},"end":{"line":46,"column":73}},"type":"cond-expr","locations":[{"start":{"line":46,"column":49},"end":{"line":46,"column":58}},{"start":{"line":46,"column":61},"end":{"line":46,"column":73}}],"line":46},"2":{"loc":{"start":{"line":75,"column":30},"end":{"line":75,"column":55}},"type":"cond-expr","locations":[{"start":{"line":75,"column":39},"end":{"line":75,"column":46}},{"start":{"line":75,"column":49},"end":{"line":75,"column":55}}],"line":75}},"s":{"0":1,"1":3,"2":3,"3":3,"4":3,"5":3,"6":0,"7":3,"8":3},"f":{"0":3,"1":3},"b":{"0":[0,3],"1":[1,2],"2":[1,2]},"_coverageSchema":"1a1c01bbd47fc00a2c39e90264f33305004495a9","hash":"1abb3054e60ffa11c7fe2ec36b36bff86b4dfc34"}
,"/media/hailam/DATA/Undergraduate/HK-251/Mobile Application Development/Assignment/DeadTood-FE/app/login.tsx": {"path":"/media/hailam/DATA/Undergraduate/HK-251/Mobile Application Development/Assignment/DeadTood-FE/app/login.tsx","statementMap":{"0":{"start":{"line":23,"column":18},"end":{"line":23,"column":42}},"1":{"start":{"line":26,"column":22},"end":{"line":26,"column":31}},"2":{"start":{"line":27,"column":19},"end":{"line":27,"column":30}},"3":{"start":{"line":30,"column":30},"end":{"line":30,"column":42}},"4":{"start":{"line":31,"column":36},"end":{"line":31,"column":48}},"5":{"start":{"line":32,"column":52},"end":{"line":32,"column":67}},"6":{"start":{"line":33,"column":34},"end":{"line":33,"column":49}},"7":{"start":{"line":35,"column":24},"end":{"line":55,"column":5}},"8":{"start":{"line":36,"column":8},"end":{"line":39,"column":9}},"9":{"start":{"line":37,"column":12},"end":{"line":37,"column":73}},"10":{"start":{"line":38,"column":12},"end":{"line":38,"column":19}},"11":{"start":{"line":41,"column":8},"end":{"line":41,"column":25}},"12":{"start":{"line":42,"column":8},"end":{"line":54,"column":9}},"13":{"start":{"line":43,"column":12},"end":{"line":43,"column":59}},"14":{"start":{"line":46,"column":12},"end":{"line":46,"column":47}},"15":{"start":{"line":48,"column":16},"end":{"line":50,"column":61}},"16":{"start":{"line":51,"column":12},"end":{"line":51,"column":54}},"17":{"start":{"line":53,"column":12},"end":{"line":53,"column":30}},"18":{"start":{"line":57,"column":4},"end":{"line":207,"column":6}},"19":{"start":{"line":72,"column":36},"end":{"line":72,"column":50}},"20":{"start":{"line":143,"column":44},"end":{"line":145,"column":45}},"21":{"start":{"line":210,"column":15},"end":{"line":360,"column":2}}},"fnMap":{"0":{"name":"LoginScreen","decl":{"start":{"line":25,"column":24},"end":{"line":25,"column":35}},"loc":{"start":{"line":25,"column":38},"end":{"line":208,"column":1}},"line":25},"1":{"name":"(anonymous_1)","decl":{"start":{"line":35,"column":24},"end":{"line":35,"column":25}},"loc":{"start":{"line":35,"column":36},"end":{"line":55,"column":5}},"line":35},"2":{"name":"(anonymous_2)","decl":{"start":{"line":71,"column":41},"end":{"line":71,"column":42}},"loc":{"start":{"line":71,"column":47},"end":{"line":73,"column":33}},"line":71},"3":{"name":"(anonymous_3)","decl":{"start":{"line":142,"column":49},"end":{"line":142,"column":50}},"loc":{"start":{"line":143,"column":44},"end":{"line":145,"column":45}},"line":143}},"branchMap":{"0":{"loc":{"start":{"line":36,"column":8},"end":{"line":39,"column":9}},"type":"if","locations":[{"start":{"line":36,"column":8},"end":{"line":39,"column":9}},{"start":{},"end":{}}],"line":36},"1":{"loc":{"start":{"line":36,"column":12},"end":{"line":36,"column":31}},"type":"binary-expr","locations":[{"start":{"line":36,"column":12},"end":{"line":36,"column":18}},{"start":{"line":36,"column":22},"end":{"line":36,"column":31}}],"line":36},"2":{"loc":{"start":{"line":48,"column":16},"end":{"line":50,"column":61}},"type":"binary-expr","locations":[{"start":{"line":48,"column":16},"end":{"line":48,"column":33}},{"start":{"line":49,"column":16},"end":{"line":49,"column":29}},{"start":{"line":50,"column":16},"end":{"line":50,"column":61}}],"line":48},"3":{"loc":{"start":{"line":64,"column":30},"end":{"line":64,"column":74}},"type":"cond-expr","locations":[{"start":{"line":64,"column":54},"end":{"line":64,"column":63}},{"start":{"line":64,"column":66},"end":{"line":64,"column":74}}],"line":64},"4":{"loc":{"start":{"line":150,"column":48},"end":{"line":152,"column":63}},"type":"cond-expr","locations":[{"start":{"line":151,"column":54},"end":{"line":151,"column":59}},{"start":{"line":152,"column":54},"end":{"line":152,"column":63}}],"line":150},"5":{"loc":{"start":{"line":173,"column":37},"end":{"line":179,"column":37}},"type":"cond-expr","locations":[{"start":{"line":174,"column":40},"end":{"line":174,"column":74}},{"start":{"line":176,"column":40},"end":{"line":178,"column":47}}],"line":173}},"s":{"0":1,"1":18,"2":18,"3":18,"4":18,"5":18,"6":18,"7":18,"8":3,"9":1,"10":1,"11":2,"12":2,"13":2,"14":1,"15":1,"16":1,"17":2,"18":18,"19":1,"20":1,"21":1},"f":{"0":18,"1":3,"2":1,"3":1},"b":{"0":[1,2],"1":[3,2],"2":[1,1,0],"3":[18,0],"4":[1,17],"5":[2,16]},"_coverageSchema":"1a1c01bbd47fc00a2c39e90264f33305004495a9","hash":"b57e66f6aac52c05c36d368466e80d6910af7238"}
,"/media/hailam/DATA/Undergraduate/HK-251/Mobile Application Development/Assignment/DeadTood-FE/app/modal.tsx": {"path":"/media/hailam/DATA/Undergraduate/HK-251/Mobile Application Development/Assignment/DeadTood-FE/app/modal.tsx","statementMap":{"0":{"start":{"line":26,"column":17},"end":{"line":26,"column":28}},"1":{"start":{"line":27,"column":21},"end":{"line":27,"column":31}},"2":{"start":{"line":28,"column":32},"end":{"line":28,"column":44}},"3":{"start":{"line":29,"column":34},"end":{"line":29,"column":52}},"4":{"start":{"line":32,"column":28},"end":{"line":32,"column":40}},"5":{"start":{"line":33,"column":40},"end":{"line":33,"column":52}},"6":{"start":{"line":34,"column":50},"end":{"line":34,"column":62}},"7":{"start":{"line":35,"column":34},"end":{"line":35,"column":62}},"8":{"start":{"line":36,"column":30},"end":{"line":36,"column":61}},"9":{"start":{"line":37,"column":32},"end":{"line":37,"column":59}},"10":{"start":{"line":38,"column":32},"end":{"line":38,"column":59}},"11":{"start":{"line":39,"column":46},"end":{"line":39,"column":61}},"12":{"start":{"line":40,"column":46},"end":{"line":40,"column":58}},"13":{"start":{"line":43,"column":46},"end":{"line":43,"column":61}},"14":{"start":{"line":44,"column":46},"end":{"line":44,"column":61}},"15":{"start":{"line":45,"column":50},"end":{"line":45,"column":65}},"16":{"start":{"line":46,"column":54},"end":{"line":46,"column":69}},"17":{"start":{"line":47,"column":50},"end":{"line":47,"column":65}},"18":{"start":{"line":48,"column":54},"end":{"line":48,"column":69}},"19":{"start":{"line":50,"column":18},"end":{"line":50,"column":42}},"20":{"start":{"line":53,"column":26},"end":{"line":57,"column":3}},"21":{"start":{"line":58,"column":27},"end":{"line":58,"column":78}},"22":{"start":{"line":58,"column":53},"end":{"line":58,"column":77}},"23":{"start":{"line":60,"column":86},"end":{"line":64,"column":3}},"24":{"start":{"line":66,"column":71},"end":{"line":70,"column":3}},"25":{"start":{"line":72,"column":25},"end":{"line":72,"column":69}},"26":{"start":{"line":72,"column":43},"end":{"line":72,"column":68}},"27":{"start":{"line":73,"column":27},"end":{"line":73,"column":67}},"28":{"start":{"line":73,"column":48},"end":{"line":73,"column":66}},"29":{"start":{"line":74,"column":25},"end":{"line":74,"column":61}},"30":{"start":{"line":74,"column":44},"end":{"line":74,"column":60}},"31":{"start":{"line":76,"column":21},"end":{"line":79,"column":3}},"32":{"start":{"line":77,"column":4},"end":{"line":77,"column":35}},"33":{"start":{"line":77,"column":15},"end":{"line":77,"column":35}},"34":{"start":{"line":78,"column":4},"end":{"line":78,"column":44}},"35":{"start":{"line":81,"column":21},"end":{"line":84,"column":3}},"36":{"start":{"line":82,"column":4},"end":{"line":82,"column":30}},"37":{"start":{"line":82,"column":15},"end":{"line":82,"column":30}},"38":{"start":{"line":83,"column":4},"end":{"line":83,"column":84}},"39":{"start":{"line":86,"column":27},"end":{"line":91,"column":3}},"40":{"start":{"line":88,"column":4},"end":{"line":90,"column":5}},"41":{"start":{"line":89,"column":6},"end":{"line":89,"column":31}},"42":{"start":{"line":93,"column":27},"end":{"line":97,"column":3}},"43":{"start":{"line":94,"column":4},"end":{"line":96,"column":5}},"44":{"start":{"line":95,"column":6},"end":{"line":95,"column":31}},"45":{"start":{"line":99,"column":21},"end":{"line":101,"column":3}},"46":{"start":{"line":100,"column":4},"end":{"line":100,"column":18}},"47":{"start":{"line":103,"column":36},"end":{"line":136,"column":3}},"48":{"start":{"line":104,"column":4},"end":{"line":104,"column":32}},"49":{"start":{"line":104,"column":25},"end":{"line":104,"column":32}},"50":{"start":{"line":106,"column":24},"end":{"line":106,"column":76}},"51":{"start":{"line":107,"column":20},"end":{"line":107,"column":75}},"52":{"start":{"line":110,"column":4},"end":{"line":117,"column":5}},"53":{"start":{"line":111,"column":6},"end":{"line":111,"column":129}},"54":{"start":{"line":112,"column":6},"end":{"line":115,"column":8}},"55":{"start":{"line":116,"column":6},"end":{"line":116,"column":13}},"56":{"start":{"line":119,"column":4},"end":{"line":135,"column":5}},"57":{"start":{"line":120,"column":6},"end":{"line":131,"column":9}},"58":{"start":{"line":132,"column":6},"end":{"line":132,"column":62}},"59":{"start":{"line":134,"column":6},"end":{"line":134,"column":63}},"60":{"start":{"line":138,"column":27},"end":{"line":182,"column":3}},"61":{"start":{"line":139,"column":4},"end":{"line":142,"column":5}},"62":{"start":{"line":140,"column":6},"end":{"line":140,"column":56}},"63":{"start":{"line":141,"column":6},"end":{"line":141,"column":13}},"64":{"start":{"line":143,"column":4},"end":{"line":146,"column":5}},"65":{"start":{"line":144,"column":6},"end":{"line":144,"column":53}},"66":{"start":{"line":145,"column":6},"end":{"line":145,"column":13}},"67":{"start":{"line":147,"column":4},"end":{"line":150,"column":5}},"68":{"start":{"line":148,"column":6},"end":{"line":148,"column":55}},"69":{"start":{"line":149,"column":6},"end":{"line":149,"column":13}},"70":{"start":{"line":153,"column":25},"end":{"line":153,"column":42}},"71":{"start":{"line":154,"column":4},"end":{"line":154,"column":71}},"72":{"start":{"line":155,"column":4},"end":{"line":155,"column":54}},"73":{"start":{"line":157,"column":4},"end":{"line":162,"column":5}},"74":{"start":{"line":158,"column":6},"end":{"line":158,"column":76}},"75":{"start":{"line":160,"column":6},"end":{"line":160,"column":68}},"76":{"start":{"line":161,"column":6},"end":{"line":161,"column":42}},"77":{"start":{"line":163,"column":4},"end":{"line":163,"column":83}},"78":{"start":{"line":165,"column":17},"end":{"line":173,"column":6}},"79":{"start":{"line":175,"column":4},"end":{"line":181,"column":5}},"80":{"start":{"line":177,"column":6},"end":{"line":179,"column":7}},"81":{"start":{"line":178,"column":8},"end":{"line":178,"column":75}},"82":{"start":{"line":180,"column":6},"end":{"line":180,"column":20}},"83":{"start":{"line":184,"column":32},"end":{"line":186,"column":3}},"84":{"start":{"line":185,"column":4},"end":{"line":185,"column":73}},"85":{"start":{"line":189,"column":22},"end":{"line":233,"column":3}},"86":{"start":{"line":206,"column":4},"end":{"line":232,"column":12}},"87":{"start":{"line":215,"column":12},"end":{"line":228,"column":31}},"88":{"start":{"line":223,"column":16},"end":{"line":223,"column":50}},"89":{"start":{"line":224,"column":16},"end":{"line":224,"column":26}},"90":{"start":{"line":235,"column":2},"end":{"line":601,"column":4}},"91":{"start":{"line":281,"column":29},"end":{"line":281,"column":54}},"92":{"start":{"line":329,"column":33},"end":{"line":329,"column":56}},"93":{"start":{"line":343,"column":33},"end":{"line":343,"column":56}},"94":{"start":{"line":365,"column":29},"end":{"line":365,"column":56}},"95":{"start":{"line":380,"column":29},"end":{"line":380,"column":54}},"96":{"start":{"line":413,"column":31},"end":{"line":413,"column":58}},"97":{"start":{"line":450,"column":32},"end":{"line":450,"column":56}},"98":{"start":{"line":455,"column":27},"end":{"line":455,"column":51}},"99":{"start":{"line":459,"column":49},"end":{"line":459,"column":73}},"100":{"start":{"line":482,"column":14},"end":{"line":482,"column":39}},"101":{"start":{"line":483,"column":14},"end":{"line":483,"column":41}},"102":{"start":{"line":483,"column":24},"end":{"line":483,"column":41}},"103":{"start":{"line":496,"column":32},"end":{"line":496,"column":56}},"104":{"start":{"line":501,"column":27},"end":{"line":501,"column":51}},"105":{"start":{"line":505,"column":49},"end":{"line":505,"column":73}},"106":{"start":{"line":527,"column":14},"end":{"line":527,"column":39}},"107":{"start":{"line":528,"column":14},"end":{"line":528,"column":41}},"108":{"start":{"line":528,"column":24},"end":{"line":528,"column":41}},"109":{"start":{"line":537,"column":23},"end":{"line":537,"column":49}},"110":{"start":{"line":543,"column":10},"end":{"line":549,"column":17}},"111":{"start":{"line":556,"column":23},"end":{"line":556,"column":51}},"112":{"start":{"line":562,"column":10},"end":{"line":565,"column":17}},"113":{"start":{"line":572,"column":23},"end":{"line":572,"column":49}},"114":{"start":{"line":578,"column":10},"end":{"line":581,"column":17}},"115":{"start":{"line":588,"column":23},"end":{"line":588,"column":51}},"116":{"start":{"line":594,"column":10},"end":{"line":597,"column":17}},"117":{"start":{"line":604,"column":15},"end":{"line":828,"column":2}}},"fnMap":{"0":{"name":"AddTaskModal","decl":{"start":{"line":25,"column":24},"end":{"line":25,"column":36}},"loc":{"start":{"line":25,"column":39},"end":{"line":602,"column":1}},"line":25},"1":{"name":"(anonymous_1)","decl":{"start":{"line":58,"column":48},"end":{"line":58,"column":49}},"loc":{"start":{"line":58,"column":53},"end":{"line":58,"column":77}},"line":58},"2":{"name":"(anonymous_2)","decl":{"start":{"line":72,"column":38},"end":{"line":72,"column":39}},"loc":{"start":{"line":72,"column":43},"end":{"line":72,"column":68}},"line":72},"3":{"name":"(anonymous_3)","decl":{"start":{"line":73,"column":43},"end":{"line":73,"column":44}},"loc":{"start":{"line":73,"column":48},"end":{"line":73,"column":66}},"line":73},"4":{"name":"(anonymous_4)","decl":{"start":{"line":74,"column":39},"end":{"line":74,"column":40}},"loc":{"start":{"line":74,"column":44},"end":{"line":74,"column":60}},"line":74},"5":{"name":"(anonymous_5)","decl":{"start":{"line":76,"column":21},"end":{"line":76,"column":22}},"loc":{"start":{"line":76,"column":44},"end":{"line":79,"column":3}},"line":76},"6":{"name":"(anonymous_6)","decl":{"start":{"line":81,"column":21},"end":{"line":81,"column":22}},"loc":{"start":{"line":81,"column":44},"end":{"line":84,"column":3}},"line":81},"7":{"name":"(anonymous_7)","decl":{"start":{"line":86,"column":27},"end":{"line":86,"column":28}},"loc":{"start":{"line":86,"column":64},"end":{"line":91,"column":3}},"line":86},"8":{"name":"(anonymous_8)","decl":{"start":{"line":93,"column":27},"end":{"line":93,"column":28}},"loc":{"start":{"line":93,"column":64},"end":{"line":97,"column":3}},"line":93},"9":{"name":"(anonymous_9)","decl":{"start":{"line":99,"column":21},"end":{"line":99,"column":22}},"loc":{"start":{"line":99,"column":27},"end":{"line":101,"column":3}},"line":99},"10":{"name":"(anonymous_10)","decl":{"start":{"line":103,"column":36},"end":{"line":103,"column":37}},"loc":{"start":{"line":103,"column":92},"end":{"line":136,"column":3}},"line":103},"11":{"name":"(anonymous_11)","decl":{"start":{"line":138,"column":27},"end":{"line":138,"column":28}},"loc":{"start":{"line":138,"column":39},"end":{"line":182,"column":3}},"line":138},"12":{"name":"(anonymous_12)","decl":{"start":{"line":184,"column":32},"end":{"line":184,"column":33}},"loc":{"start":{"line":184,"column":38},"end":{"line":186,"column":3}},"line":184},"13":{"name":"(anonymous_13)","decl":{"start":{"line":189,"column":22},"end":{"line":189,"column":23}},"loc":{"start":{"line":206,"column":4},"end":{"line":232,"column":12}},"line":206},"14":{"name":"(anonymous_14)","decl":{"start":{"line":214,"column":23},"end":{"line":214,"column":24}},"loc":{"start":{"line":215,"column":12},"end":{"line":228,"column":31}},"line":215},"15":{"name":"(anonymous_15)","decl":{"start":{"line":222,"column":23},"end":{"line":222,"column":24}},"loc":{"start":{"line":222,"column":29},"end":{"line":225,"column":15}},"line":222},"16":{"name":"(anonymous_16)","decl":{"start":{"line":281,"column":23},"end":{"line":281,"column":24}},"loc":{"start":{"line":281,"column":29},"end":{"line":281,"column":54}},"line":281},"17":{"name":"(anonymous_17)","decl":{"start":{"line":329,"column":27},"end":{"line":329,"column":28}},"loc":{"start":{"line":329,"column":33},"end":{"line":329,"column":56}},"line":329},"18":{"name":"(anonymous_18)","decl":{"start":{"line":343,"column":27},"end":{"line":343,"column":28}},"loc":{"start":{"line":343,"column":33},"end":{"line":343,"column":56}},"line":343},"19":{"name":"(anonymous_19)","decl":{"start":{"line":365,"column":23},"end":{"line":365,"column":24}},"loc":{"start":{"line":365,"column":29},"end":{"line":365,"column":56}},"line":365},"20":{"name":"(anonymous_20)","decl":{"start":{"line":380,"column":23},"end":{"line":380,"column":24}},"loc":{"start":{"line":380,"column":29},"end":{"line":380,"column":54}},"line":380},"21":{"name":"(anonymous_21)","decl":{"start":{"line":413,"column":25},"end":{"line":413,"column":26}},"loc":{"start":{"line":413,"column":31},"end":{"line":413,"column":58}},"line":413},"22":{"name":"(anonymous_22)","decl":{"start":{"line":450,"column":26},"end":{"line":450,"column":27}},"loc":{"start":{"line":450,"column":32},"end":{"line":450,"column":56}},"line":450},"23":{"name":"(anonymous_23)","decl":{"start":{"line":455,"column":21},"end":{"line":455,"column":22}},"loc":{"start":{"line":455,"column":27},"end":{"line":455,"column":51}},"line":455},"24":{"name":"(anonymous_24)","decl":{"start":{"line":459,"column":43},"end":{"line":459,"column":44}},"loc":{"start":{"line":459,"column":49},"end":{"line":459,"column":73}},"line":459},"25":{"name":"(anonymous_25)","decl":{"start":{"line":481,"column":22},"end":{"line":481,"column":23}},"loc":{"start":{"line":481,"column":39},"end":{"line":484,"column":13}},"line":481},"26":{"name":"(anonymous_26)","decl":{"start":{"line":496,"column":26},"end":{"line":496,"column":27}},"loc":{"start":{"line":496,"column":32},"end":{"line":496,"column":56}},"line":496},"27":{"name":"(anonymous_27)","decl":{"start":{"line":501,"column":21},"end":{"line":501,"column":22}},"loc":{"start":{"line":501,"column":27},"end":{"line":501,"column":51}},"line":501},"28":{"name":"(anonymous_28)","decl":{"start":{"line":505,"column":43},"end":{"line":505,"column":44}},"loc":{"start":{"line":505,"column":49},"end":{"line":505,"column":73}},"line":505},"29":{"name":"(anonymous_29)","decl":{"start":{"line":526,"column":22},"end":{"line":526,"column":23}},"loc":{"start":{"line":526,"column":39},"end":{"line":529,"column":13}},"line":526},"30":{"name":"(anonymous_30)","decl":{"start":{"line":537,"column":17},"end":{"line":537,"column":18}},"loc":{"start":{"line":537,"column":23},"end":{"line":537,"column":49}},"line":537},"31":{"name":"(anonymous_31)","decl":{"start":{"line":542,"column":22},"end":{"line":542,"column":23}},"loc":{"start":{"line":543,"column":10},"end":{"line":549,"column":17}},"line":543},"32":{"name":"(anonymous_32)","decl":{"start":{"line":556,"column":17},"end":{"line":556,"column":18}},"loc":{"start":{"line":556,"column":23},"end":{"line":556,"column":51}},"line":556},"33":{"name":"(anonymous_33)","decl":{"start":{"line":561,"column":22},"end":{"line":561,"column":23}},"loc":{"start":{"line":562,"column":10},"end":{"line":565,"column":17}},"line":562},"34":{"name":"(anonymous_34)","decl":{"start":{"line":572,"column":17},"end":{"line":572,"column":18}},"loc":{"start":{"line":572,"column":23},"end":{"line":572,"column":49}},"line":572},"35":{"name":"(anonymous_35)","decl":{"start":{"line":577,"column":22},"end":{"line":577,"column":23}},"loc":{"start":{"line":578,"column":10},"end":{"line":581,"column":17}},"line":578},"36":{"name":"(anonymous_36)","decl":{"start":{"line":588,"column":17},"end":{"line":588,"column":18}},"loc":{"start":{"line":588,"column":23},"end":{"line":588,"column":51}},"line":588},"37":{"name":"(anonymous_37)","decl":{"start":{"line":593,"column":22},"end":{"line":593,"column":23}},"loc":{"start":{"line":594,"column":10},"end":{"line":597,"column":17}},"line":594}},"branchMap":{"0":{"loc":{"start":{"line":50,"column":18},"end":{"line":50,"column":42}},"type":"binary-expr","locations":[{"start":{"line":50,"column":18},"end":{"line":50,"column":36}},{"start":{"line":50,"column":40},"end":{"line":50,"column":42}}],"line":50},"1":{"loc":{"start":{"line":77,"column":4},"end":{"line":77,"column":35}},"type":"if","locations":[{"start":{"line":77,"column":4},"end":{"line":77,"column":35}},{"start":{},"end":{}}],"line":77},"2":{"loc":{"start":{"line":82,"column":4},"end":{"line":82,"column":30}},"type":"if","locations":[{"start":{"line":82,"column":4},"end":{"line":82,"column":30}},{"start":{},"end":{}}],"line":82},"3":{"loc":{"start":{"line":88,"column":4},"end":{"line":90,"column":5}},"type":"if","locations":[{"start":{"line":88,"column":4},"end":{"line":90,"column":5}},{"start":{},"end":{}}],"line":88},"4":{"loc":{"start":{"line":94,"column":4},"end":{"line":96,"column":5}},"type":"if","locations":[{"start":{"line":94,"column":4},"end":{"line":96,"column":5}},{"start":{},"end":{}}],"line":94},"5":{"loc":{"start":{"line":104,"column":4},"end":{"line":104,"column":32}},"type":"if","locations":[{"start":{"line":104,"column":4},"end":{"line":104,"column":32}},{"start":{},"end":{}}],"line":104},"6":{"loc":{"start":{"line":110,"column":4},"end":{"line":117,"column":5}},"type":"if","locations":[{"start":{"line":110,"column":4},"end":{"line":117,"column":5}},{"start":{},"end":{}}],"line":110},"7":{"loc":{"start":{"line":139,"column":4},"end":{"line":142,"column":5}},"type":"if","locations":[{"start":{"line":139,"column":4},"end":{"line":142,"column":5}},{"start":{},"end":{}}],"line":139},"8":{"loc":{"start":{"line":143,"column":4},"end":{"line":146,"column":5}},"type":"if","locations":[{"start":{"line":143,"column":4},"end":{"line":146,"column":5}},{"start":{},"end":{}}],"line":143},"9":{"loc":{"start":{"line":147,"column":4},"end":{"line":150,"column":5}},"type":"if","locations":[{"start":{"line":147,"column":4},"end":{"line":150,"column":5}},{"start":{},"end":{}}],"line":147},"10":{"loc":{"start":{"line":157,"column":4},"end":{"line":162,"column":5}},"type":"if","locations":[{"start":{"line":157,"column":4},"end":{"line":162,"column":5}},{"start":{"line":159,"column":11},"end":{"line":162,"column":5}}],"line":157},"11":{"loc":{"start":{"line":171,"column":15},"end":{"line":171,"column":54}},"type":"cond-expr","locations":[{"start":{"line":171,"column":25},"end":{"line":171,"column":44}},{"start":{"line":171,"column":47},"end":{"line":171,"column":54}}],"line":171},"12":{"loc":{"start":{"line":175,"column":4},"end":{"line":181,"column":5}},"type":"if","locations":[{"start":{"line":175,"column":4},"end":{"line":181,"column":5}},{"start":{},"end":{}}],"line":175},"13":{"loc":{"start":{"line":177,"column":6},"end":{"line":179,"column":7}},"type":"if","locations":[{"start":{"line":177,"column":6},"end":{"line":179,"column":7}},{"start":{},"end":{}}],"line":177},"14":{"loc":{"start":{"line":216,"column":19},"end":{"line":216,"column":42}},"type":"binary-expr","locations":[{"start":{"line":216,"column":19},"end":{"line":216,"column":29}},{"start":{"line":216,"column":33},"end":{"line":216,"column":42}}],"line":216},"15":{"loc":{"start":{"line":220,"column":16},"end":{"line":220,"column":103}},"type":"binary-expr","locations":[{"start":{"line":220,"column":16},"end":{"line":220,"column":59}},{"start":{"line":220,"column":63},"end":{"line":220,"column":103}}],"line":220},"16":{"loc":{"start":{"line":220,"column":17},"end":{"line":220,"column":40}},"type":"binary-expr","locations":[{"start":{"line":220,"column":17},"end":{"line":220,"column":27}},{"start":{"line":220,"column":31},"end":{"line":220,"column":40}}],"line":220},"17":{"loc":{"start":{"line":223,"column":25},"end":{"line":223,"column":48}},"type":"binary-expr","locations":[{"start":{"line":223,"column":25},"end":{"line":223,"column":35}},{"start":{"line":223,"column":39},"end":{"line":223,"column":48}}],"line":223},"18":{"loc":{"start":{"line":227,"column":37},"end":{"line":227,"column":60}},"type":"binary-expr","locations":[{"start":{"line":227,"column":37},"end":{"line":227,"column":47}},{"start":{"line":227,"column":51},"end":{"line":227,"column":60}}],"line":227},"19":{"loc":{"start":{"line":239,"column":18},"end":{"line":239,"column":62}},"type":"cond-expr","locations":[{"start":{"line":239,"column":42},"end":{"line":239,"column":51}},{"start":{"line":239,"column":54},"end":{"line":239,"column":62}}],"line":239},"20":{"loc":{"start":{"line":285,"column":25},"end":{"line":285,"column":79}},"type":"cond-expr","locations":[{"start":{"line":285,"column":42},"end":{"line":285,"column":60}},{"start":{"line":285,"column":63},"end":{"line":285,"column":79}}],"line":285},"21":{"loc":{"start":{"line":287,"column":17},"end":{"line":287,"column":58}},"type":"binary-expr","locations":[{"start":{"line":287,"column":17},"end":{"line":287,"column":37}},{"start":{"line":287,"column":41},"end":{"line":287,"column":58}}],"line":287},"22":{"loc":{"start":{"line":332,"column":62},"end":{"line":332,"column":109}},"type":"cond-expr","locations":[{"start":{"line":332,"column":72},"end":{"line":332,"column":90}},{"start":{"line":332,"column":93},"end":{"line":332,"column":109}}],"line":332},"23":{"loc":{"start":{"line":346,"column":62},"end":{"line":346,"column":109}},"type":"cond-expr","locations":[{"start":{"line":346,"column":72},"end":{"line":346,"column":90}},{"start":{"line":346,"column":93},"end":{"line":346,"column":109}}],"line":346},"24":{"loc":{"start":{"line":410,"column":13},"end":{"line":423,"column":13}},"type":"binary-expr","locations":[{"start":{"line":410,"column":13},"end":{"line":410,"column":27}},{"start":{"line":411,"column":14},"end":{"line":422,"column":33}}],"line":410},"25":{"loc":{"start":{"line":438,"column":15},"end":{"line":438,"column":54}},"type":"cond-expr","locations":[{"start":{"line":438,"column":25},"end":{"line":438,"column":38}},{"start":{"line":438,"column":41},"end":{"line":438,"column":54}}],"line":438},"26":{"loc":{"start":{"line":445,"column":7},"end":{"line":488,"column":7}},"type":"cond-expr","locations":[{"start":{"line":446,"column":8},"end":{"line":474,"column":16}},{"start":{"line":476,"column":8},"end":{"line":487,"column":9}}],"line":445},"27":{"loc":{"start":{"line":464,"column":23},"end":{"line":464,"column":44}},"type":"binary-expr","locations":[{"start":{"line":464,"column":23},"end":{"line":464,"column":30}},{"start":{"line":464,"column":34},"end":{"line":464,"column":44}}],"line":464},"28":{"loc":{"start":{"line":470,"column":30},"end":{"line":470,"column":81}},"type":"cond-expr","locations":[{"start":{"line":470,"column":65},"end":{"line":470,"column":71}},{"start":{"line":470,"column":74},"end":{"line":470,"column":81}}],"line":470},"29":{"loc":{"start":{"line":476,"column":8},"end":{"line":487,"column":9}},"type":"binary-expr","locations":[{"start":{"line":476,"column":8},"end":{"line":476,"column":22}},{"start":{"line":477,"column":10},"end":{"line":486,"column":12}}],"line":476},"30":{"loc":{"start":{"line":478,"column":19},"end":{"line":478,"column":40}},"type":"binary-expr","locations":[{"start":{"line":478,"column":19},"end":{"line":478,"column":26}},{"start":{"line":478,"column":30},"end":{"line":478,"column":40}}],"line":478},"31":{"loc":{"start":{"line":483,"column":14},"end":{"line":483,"column":41}},"type":"if","locations":[{"start":{"line":483,"column":14},"end":{"line":483,"column":41}},{"start":{},"end":{}}],"line":483},"32":{"loc":{"start":{"line":491,"column":7},"end":{"line":532,"column":7}},"type":"cond-expr","locations":[{"start":{"line":492,"column":8},"end":{"line":519,"column":16}},{"start":{"line":521,"column":8},"end":{"line":531,"column":9}}],"line":491},"33":{"loc":{"start":{"line":510,"column":23},"end":{"line":510,"column":44}},"type":"binary-expr","locations":[{"start":{"line":510,"column":23},"end":{"line":510,"column":30}},{"start":{"line":510,"column":34},"end":{"line":510,"column":44}}],"line":510},"34":{"loc":{"start":{"line":515,"column":30},"end":{"line":515,"column":81}},"type":"cond-expr","locations":[{"start":{"line":515,"column":65},"end":{"line":515,"column":71}},{"start":{"line":515,"column":74},"end":{"line":515,"column":81}}],"line":515},"35":{"loc":{"start":{"line":521,"column":8},"end":{"line":531,"column":9}},"type":"binary-expr","locations":[{"start":{"line":521,"column":8},"end":{"line":521,"column":22}},{"start":{"line":522,"column":10},"end":{"line":530,"column":12}}],"line":521},"36":{"loc":{"start":{"line":523,"column":19},"end":{"line":523,"column":40}},"type":"binary-expr","locations":[{"start":{"line":523,"column":19},"end":{"line":523,"column":26}},{"start":{"line":523,"column":30},"end":{"line":523,"column":40}}],"line":523},"37":{"loc":{"start":{"line":528,"column":14},"end":{"line":528,"column":41}},"type":"if","locations":[{"start":{"line":528,"column":14},"end":{"line":528,"column":41}},{"start":{},"end":{}}],"line":528}},"s":{"0":13,"1":13,"2":13,"3":13,"4":13,"5":13,"6":13,"7":13,"8":13,"9":13,"10":13,"11":13,"12":13,"13":13,"14":13,"15":13,"16":13,"17":13,"18":13,"19":13,"20":13,"21":13,"22":26,"23":13,"24":13,"25":13,"26":25,"27":13,"28":26,"29":13,"30":13,"31":13,"32":13,"33":12,"34":1,"35":13,"36":13,"37":13,"38":0,"39":13,"40":1,"41":1,"42":13,"43":0,"44":0,"45":13,"46":1,"47":13,"48":0,"49":0,"50":0,"51":0,"52":0,"53":0,"54":0,"55":0,"56":0,"57":0,"58":0,"59":0,"60":13,"61":3,"62":1,"63":1,"64":2,"65":1,"66":1,"67":1,"68":0,"69":0,"70":1,"71":1,"72":1,"73":1,"74":0,"75":1,"76":1,"77":1,"78":1,"79":1,"80":1,"81":0,"82":1,"83":13,"84":0,"85":13,"86":52,"87":143,"88":2,"89":2,"90":13,"91":2,"92":1,"93":0,"94":0,"95":0,"96":0,"97":0,"98":0,"99":0,"100":0,"101":0,"102":0,"103":0,"104":0,"105":0,"106":0,"107":0,"108":0,"109":2,"110":26,"111":0,"112":39,"113":0,"114":39,"115":0,"116":39,"117":1},"f":{"0":13,"1":26,"2":25,"3":26,"4":13,"5":13,"6":13,"7":1,"8":0,"9":1,"10":0,"11":3,"12":0,"13":52,"14":143,"15":2,"16":2,"17":1,"18":0,"19":0,"20":0,"21":0,"22":0,"23":0,"24":0,"25":0,"26":0,"27":0,"28":0,"29":0,"30":2,"31":26,"32":0,"33":39,"34":0,"35":39,"36":0,"37":39},"b":{"0":[13,0],"1":[12,1],"2":[13,0],"3":[1,0],"4":[0,0],"5":[0,0],"6":[0,0],"7":[1,2],"8":[1,1],"9":[0,1],"10":[0,1],"11":[0,1],"12":[1,0],"13":[0,1],"14":[143,26],"15":[143,43],"16":[143,26],"17":[2,2],"18":[143,26],"19":[13,0],"20":[4,9],"21":[13,9],"22":[1,12],"23":[0,13],"24":[13,0],"25":[0,13],"26":[13,0],"27":[13,12],"28":[0,13],"29":[0,0],"30":[0,0],"31":[0,0],"32":[13,0],"33":[13,13],"34":[0,13],"35":[0,0],"36":[0,0],"37":[0,0]},"_coverageSchema":"1a1c01bbd47fc00a2c39e90264f33305004495a9","hash":"fee4dab308f9c85091fe7a4879fb8397c4aecdf8"}
,"/media/hailam/DATA/Undergraduate/HK-251/Mobile Application Development/Assignment/DeadTood-FE/app/onboarding.tsx": {"path":"/media/hailam/DATA/Undergraduate/HK-251/Mobile Application Development/Assignment/DeadTood-FE/app/onboarding.tsx","statementMap":{"0":{"start":{"line":16,"column":18},"end":{"line":16,"column":42}},"1":{"start":{"line":18,"column":15},"end":{"line":59,"column":1}},"2":{"start":{"line":66,"column":23},"end":{"line":98,"column":1}},"3":{"start":{"line":67,"column":4},"end":{"line":97,"column":6}},"4":{"start":{"line":105,"column":18},"end":{"line":127,"column":1}},"5":{"start":{"line":106,"column":4},"end":{"line":126,"column":6}},"6":{"start":{"line":109,"column":33},"end":{"line":109,"column":51}},"7":{"start":{"line":110,"column":16},"end":{"line":123,"column":18}},"8":{"start":{"line":130,"column":35},"end":{"line":130,"column":44}},"9":{"start":{"line":131,"column":19},"end":{"line":131,"column":30}},"10":{"start":{"line":132,"column":44},"end":{"line":132,"column":55}},"11":{"start":{"line":133,"column":22},"end":{"line":133,"column":44}},"12":{"start":{"line":135,"column":35},"end":{"line":141,"column":13}},"13":{"start":{"line":137,"column":12},"end":{"line":139,"column":13}},"14":{"start":{"line":138,"column":16},"end":{"line":138,"column":56}},"15":{"start":{"line":143,"column":23},"end":{"line":143,"column":79}},"16":{"start":{"line":145,"column":27},"end":{"line":148,"column":5}},"17":{"start":{"line":146,"column":8},"end":{"line":146,"column":35}},"18":{"start":{"line":147,"column":8},"end":{"line":147,"column":35}},"19":{"start":{"line":150,"column":25},"end":{"line":156,"column":5}},"20":{"start":{"line":151,"column":8},"end":{"line":155,"column":9}},"21":{"start":{"line":152,"column":12},"end":{"line":152,"column":74}},"22":{"start":{"line":154,"column":12},"end":{"line":154,"column":29}},"23":{"start":{"line":158,"column":4},"end":{"line":220,"column":6}},"24":{"start":{"line":166,"column":24},"end":{"line":166,"column":78}},"25":{"start":{"line":172,"column":44},"end":{"line":172,"column":51}},"26":{"start":{"line":223,"column":15},"end":{"line":331,"column":2}}},"fnMap":{"0":{"name":"(anonymous_0)","decl":{"start":{"line":66,"column":23},"end":{"line":66,"column":24}},"loc":{"start":{"line":66,"column":66},"end":{"line":98,"column":1}},"line":66},"1":{"name":"(anonymous_1)","decl":{"start":{"line":105,"column":18},"end":{"line":105,"column":19}},"loc":{"start":{"line":105,"column":62},"end":{"line":127,"column":1}},"line":105},"2":{"name":"(anonymous_2)","decl":{"start":{"line":108,"column":22},"end":{"line":108,"column":23}},"loc":{"start":{"line":108,"column":32},"end":{"line":124,"column":13}},"line":108},"3":{"name":"OnboardingScreen","decl":{"start":{"line":129,"column":24},"end":{"line":129,"column":40}},"loc":{"start":{"line":129,"column":43},"end":{"line":221,"column":1}},"line":129},"4":{"name":"(anonymous_4)","decl":{"start":{"line":136,"column":8},"end":{"line":136,"column":9}},"loc":{"start":{"line":136,"column":57},"end":{"line":140,"column":9}},"line":136},"5":{"name":"(anonymous_5)","decl":{"start":{"line":145,"column":27},"end":{"line":145,"column":28}},"loc":{"start":{"line":145,"column":39},"end":{"line":148,"column":5}},"line":145},"6":{"name":"(anonymous_6)","decl":{"start":{"line":150,"column":25},"end":{"line":150,"column":26}},"loc":{"start":{"line":150,"column":31},"end":{"line":156,"column":5}},"line":150},"7":{"name":"(anonymous_7)","decl":{"start":{"line":165,"column":32},"end":{"line":165,"column":33}},"loc":{"start":{"line":166,"column":24},"end":{"line":166,"column":78}},"line":166},"8":{"name":"(anonymous_8)","decl":{"start":{"line":172,"column":34},"end":{"line":172,"column":35}},"loc":{"start":{"line":172,"column":44},"end":{"line":172,"column":51}},"line":172}},"branchMap":{"0":{"loc":{"start":{"line":69,"column":13},"end":{"line":73,"column":13}},"type":"binary-expr","locations":[{"start":{"line":69,"column":13},"end":{"line":69,"column":29}},{"start":{"line":70,"column":16},"end":{"line":72,"column":35}}],"line":69},"1":{"loc":{"start":{"line":116,"column":49},"end":{"line":118,"column":47}},"type":"cond-expr","locations":[{"start":{"line":117,"column":38},"end":{"line":117,"column":47}},{"start":{"line":118,"column":38},"end":{"line":118,"column":47}}],"line":116},"2":{"loc":{"start":{"line":119,"column":39},"end":{"line":119,"column":56}},"type":"cond-expr","locations":[{"start":{"line":119,"column":50},"end":{"line":119,"column":52}},{"start":{"line":119,"column":55},"end":{"line":119,"column":56}}],"line":119},"3":{"loc":{"start":{"line":137,"column":12},"end":{"line":139,"column":13}},"type":"if","locations":[{"start":{"line":137,"column":12},"end":{"line":139,"column":13}},{"start":{},"end":{}}],"line":137},"4":{"loc":{"start":{"line":137,"column":16},"end":{"line":137,"column":57}},"type":"binary-expr","locations":[{"start":{"line":137,"column":16},"end":{"line":137,"column":29}},{"start":{"line":137,"column":33},"end":{"line":137,"column":57}}],"line":137},"5":{"loc":{"start":{"line":151,"column":8},"end":{"line":155,"column":9}},"type":"if","locations":[{"start":{"line":151,"column":8},"end":{"line":155,"column":9}},{"start":{"line":153,"column":15},"end":{"line":155,"column":9}}],"line":151},"6":{"loc":{"start":{"line":185,"column":25},"end":{"line":187,"column":40}},"type":"cond-expr","locations":[{"start":{"line":186,"column":30},"end":{"line":186,"column":43}},{"start":{"line":187,"column":30},"end":{"line":187,"column":40}}],"line":185},"7":{"loc":{"start":{"line":189,"column":21},"end":{"line":201,"column":21}},"type":"cond-expr","locations":[{"start":{"line":190,"column":24},"end":{"line":194,"column":26}},{"start":{"line":196,"column":24},"end":{"line":200,"column":26}}],"line":189},"8":{"loc":{"start":{"line":204,"column":17},"end":{"line":211,"column":17}},"type":"binary-expr","locations":[{"start":{"line":204,"column":17},"end":{"line":204,"column":51}},{"start":{"line":205,"column":20},"end":{"line":210,"column":39}}],"line":204}},"s":{"0":1,"1":1,"2":1,"3":12,"4":1,"5":3,"6":12,"7":12,"8":3,"9":3,"10":3,"11":3,"12":3,"13":0,"14":0,"15":3,"16":3,"17":1,"18":1,"19":3,"20":1,"21":1,"22":0,"23":3,"24":12,"25":15,"26":1},"f":{"0":12,"1":3,"2":12,"3":3,"4":0,"5":1,"6":1,"7":12,"8":15},"b":{"0":[12,9],"1":[3,9],"2":[3,9],"3":[0,0],"4":[0,0],"5":[1,0],"6":[0,3],"7":[0,3],"8":[3,0]},"_coverageSchema":"1a1c01bbd47fc00a2c39e90264f33305004495a9","hash":"5b470a9822df2c280900b87961c727f9d0976cc7"}
,"/media/hailam/DATA/Undergraduate/HK-251/Mobile Application Development/Assignment/DeadTood-FE/app/profile.tsx": {"path":"/media/hailam/DATA/Undergraduate/HK-251/Mobile Application Development/Assignment/DeadTood-FE/app/profile.tsx","statementMap":{"0":{"start":{"line":29,"column":21},"end":{"line":29,"column":31}},"1":{"start":{"line":30,"column":17},"end":{"line":30,"column":28}},"2":{"start":{"line":31,"column":27},"end":{"line":31,"column":36}},"3":{"start":{"line":33,"column":36},"end":{"line":33,"column":51}},"4":{"start":{"line":34,"column":32},"end":{"line":42,"column":4}},"5":{"start":{"line":44,"column":44},"end":{"line":44,"column":74}},"6":{"start":{"line":46,"column":21},"end":{"line":48,"column":3}},"7":{"start":{"line":47,"column":4},"end":{"line":47,"column":18}},"8":{"start":{"line":50,"column":21},"end":{"line":53,"column":3}},"9":{"start":{"line":51,"column":4},"end":{"line":51,"column":30}},"10":{"start":{"line":52,"column":4},"end":{"line":52,"column":23}},"11":{"start":{"line":55,"column":21},"end":{"line":59,"column":3}},"12":{"start":{"line":56,"column":4},"end":{"line":56,"column":30}},"13":{"start":{"line":57,"column":4},"end":{"line":57,"column":24}},"14":{"start":{"line":58,"column":4},"end":{"line":58,"column":60}},"15":{"start":{"line":61,"column":23},"end":{"line":64,"column":3}},"16":{"start":{"line":62,"column":4},"end":{"line":62,"column":30}},"17":{"start":{"line":63,"column":4},"end":{"line":63,"column":24}},"18":{"start":{"line":66,"column":29},"end":{"line":68,"column":3}},"19":{"start":{"line":67,"column":4},"end":{"line":67,"column":88}},"20":{"start":{"line":70,"column":23},"end":{"line":90,"column":3}},"21":{"start":{"line":71,"column":4},"end":{"line":89,"column":6}},"22":{"start":{"line":80,"column":12},"end":{"line":85,"column":13}},"23":{"start":{"line":81,"column":14},"end":{"line":81,"column":29}},"24":{"start":{"line":84,"column":14},"end":{"line":84,"column":53}},"25":{"start":{"line":92,"column":22},"end":{"line":117,"column":3}},"26":{"start":{"line":99,"column":4},"end":{"line":116,"column":11}},"27":{"start":{"line":109,"column":36},"end":{"line":109,"column":89}},"28":{"start":{"line":119,"column":2},"end":{"line":240,"column":4}},"29":{"start":{"line":146,"column":54},"end":{"line":146,"column":58}},"30":{"start":{"line":243,"column":15},"end":{"line":431,"column":2}}},"fnMap":{"0":{"name":"ProfileScreen","decl":{"start":{"line":28,"column":24},"end":{"line":28,"column":37}},"loc":{"start":{"line":28,"column":40},"end":{"line":241,"column":1}},"line":28},"1":{"name":"(anonymous_1)","decl":{"start":{"line":46,"column":21},"end":{"line":46,"column":22}},"loc":{"start":{"line":46,"column":27},"end":{"line":48,"column":3}},"line":46},"2":{"name":"(anonymous_2)","decl":{"start":{"line":50,"column":21},"end":{"line":50,"column":22}},"loc":{"start":{"line":50,"column":27},"end":{"line":53,"column":3}},"line":50},"3":{"name":"(anonymous_3)","decl":{"start":{"line":55,"column":21},"end":{"line":55,"column":22}},"loc":{"start":{"line":55,"column":27},"end":{"line":59,"column":3}},"line":55},"4":{"name":"(anonymous_4)","decl":{"start":{"line":61,"column":23},"end":{"line":61,"column":24}},"loc":{"start":{"line":61,"column":29},"end":{"line":64,"column":3}},"line":61},"5":{"name":"(anonymous_5)","decl":{"start":{"line":66,"column":29},"end":{"line":66,"column":30}},"loc":{"start":{"line":66,"column":35},"end":{"line":68,"column":3}},"line":66},"6":{"name":"(anonymous_6)","decl":{"start":{"line":70,"column":23},"end":{"line":70,"column":24}},"loc":{"start":{"line":70,"column":35},"end":{"line":90,"column":3}},"line":70},"7":{"name":"(anonymous_7)","decl":{"start":{"line":79,"column":19},"end":{"line":79,"column":20}},"loc":{"start":{"line":79,"column":31},"end":{"line":86,"column":11}},"line":79},"8":{"name":"(anonymous_8)","decl":{"start":{"line":92,"column":22},"end":{"line":92,"column":23}},"loc":{"start":{"line":99,"column":4},"end":{"line":116,"column":11}},"line":99},"9":{"name":"(anonymous_9)","decl":{"start":{"line":109,"column":26},"end":{"line":109,"column":27}},"loc":{"start":{"line":109,"column":36},"end":{"line":109,"column":89}},"line":109},"10":{"name":"(anonymous_10)","decl":{"start":{"line":146,"column":49},"end":{"line":146,"column":50}},"loc":{"start":{"line":146,"column":54},"end":{"line":146,"column":58}},"line":146}},"branchMap":{"0":{"loc":{"start":{"line":35,"column":10},"end":{"line":35,"column":30}},"type":"binary-expr","locations":[{"start":{"line":35,"column":10},"end":{"line":35,"column":20}},{"start":{"line":35,"column":24},"end":{"line":35,"column":30}}],"line":35},"1":{"loc":{"start":{"line":36,"column":11},"end":{"line":36,"column":28}},"type":"binary-expr","locations":[{"start":{"line":36,"column":11},"end":{"line":36,"column":22}},{"start":{"line":36,"column":26},"end":{"line":36,"column":28}}],"line":36},"2":{"loc":{"start":{"line":41,"column":12},"end":{"line":41,"column":32}},"type":"binary-expr","locations":[{"start":{"line":41,"column":12},"end":{"line":41,"column":24}},{"start":{"line":41,"column":28},"end":{"line":41,"column":32}}],"line":41},"3":{"loc":{"start":{"line":97,"column":4},"end":{"line":97,"column":28}},"type":"default-arg","locations":[{"start":{"line":97,"column":24},"end":{"line":97,"column":28}}],"line":97},"4":{"loc":{"start":{"line":105,"column":9},"end":{"line":114,"column":9}},"type":"cond-expr","locations":[{"start":{"line":106,"column":10},"end":{"line":111,"column":12}},{"start":{"line":113,"column":10},"end":{"line":113,"column":89}}],"line":105},"5":{"loc":{"start":{"line":105,"column":9},"end":{"line":105,"column":30}},"type":"binary-expr","locations":[{"start":{"line":105,"column":9},"end":{"line":105,"column":18}},{"start":{"line":105,"column":22},"end":{"line":105,"column":30}}],"line":105},"6":{"loc":{"start":{"line":129,"column":13},"end":{"line":135,"column":13}},"type":"cond-expr","locations":[{"start":{"line":130,"column":14},"end":{"line":132,"column":33}},{"start":{"line":134,"column":14},"end":{"line":134,"column":48}}],"line":129},"7":{"loc":{"start":{"line":141,"column":15},"end":{"line":149,"column":15}},"type":"cond-expr","locations":[{"start":{"line":142,"column":16},"end":{"line":142,"column":80}},{"start":{"line":144,"column":16},"end":{"line":148,"column":23}}],"line":141},"8":{"loc":{"start":{"line":207,"column":9},"end":{"line":222,"column":9}},"type":"binary-expr","locations":[{"start":{"line":207,"column":9},"end":{"line":207,"column":18}},{"start":{"line":208,"column":10},"end":{"line":221,"column":17}}],"line":207},"9":{"loc":{"start":{"line":225,"column":9},"end":{"line":235,"column":9}},"type":"binary-expr","locations":[{"start":{"line":225,"column":9},"end":{"line":225,"column":19}},{"start":{"line":226,"column":10},"end":{"line":234,"column":17}}],"line":225}},"s":{"0":11,"1":11,"2":11,"3":11,"4":11,"5":11,"6":11,"7":1,"8":11,"9":2,"10":2,"11":11,"12":1,"13":1,"14":1,"15":11,"16":1,"17":1,"18":11,"19":0,"20":11,"21":1,"22":1,"23":1,"24":0,"25":11,"26":66,"27":2,"28":11,"29":22,"30":1},"f":{"0":11,"1":1,"2":2,"3":1,"4":1,"5":0,"6":1,"7":1,"8":66,"9":2,"10":22},"b":{"0":[11,0],"1":[11,0],"2":[11,11],"3":[33],"4":[12,54],"5":[66,24],"6":[7,4],"7":[0,11],"8":[11,4],"9":[11,7]},"_coverageSchema":"1a1c01bbd47fc00a2c39e90264f33305004495a9","hash":"edf87298291c9ac99569fd0aa27becef20eadabb"}
,"/media/hailam/DATA/Undergraduate/HK-251/Mobile Application Development/Assignment/DeadTood-FE/app/register.tsx": {"path":"/media/hailam/DATA/Undergraduate/HK-251/Mobile Application Development/Assignment/DeadTood-FE/app/register.tsx","statementMap":{"0":{"start":{"line":21,"column":18},"end":{"line":21,"column":42}},"1":{"start":{"line":24,"column":19},"end":{"line":24,"column":30}},"2":{"start":{"line":25,"column":25},"end":{"line":25,"column":34}},"3":{"start":{"line":28,"column":30},"end":{"line":28,"column":42}},"4":{"start":{"line":29,"column":36},"end":{"line":29,"column":48}},"5":{"start":{"line":30,"column":50},"end":{"line":30,"column":62}},"6":{"start":{"line":31,"column":52},"end":{"line":31,"column":67}},"7":{"start":{"line":32,"column":34},"end":{"line":32,"column":49}},"8":{"start":{"line":34,"column":27},"end":{"line":58,"column":5}},"9":{"start":{"line":35,"column":8},"end":{"line":38,"column":9}},"10":{"start":{"line":36,"column":12},"end":{"line":36,"column":62}},"11":{"start":{"line":37,"column":12},"end":{"line":37,"column":19}},"12":{"start":{"line":40,"column":8},"end":{"line":43,"column":9}},"13":{"start":{"line":41,"column":12},"end":{"line":41,"column":59}},"14":{"start":{"line":42,"column":12},"end":{"line":42,"column":19}},"15":{"start":{"line":45,"column":8},"end":{"line":45,"column":25}},"16":{"start":{"line":46,"column":8},"end":{"line":57,"column":9}},"17":{"start":{"line":47,"column":12},"end":{"line":47,"column":48}},"18":{"start":{"line":48,"column":12},"end":{"line":48,"column":68}},"19":{"start":{"line":50,"column":12},"end":{"line":50,"column":52}},"20":{"start":{"line":51,"column":12},"end":{"line":54,"column":14}},"21":{"start":{"line":56,"column":12},"end":{"line":56,"column":30}},"22":{"start":{"line":60,"column":4},"end":{"line":217,"column":6}},"23":{"start":{"line":73,"column":32},"end":{"line":73,"column":46}},"24":{"start":{"line":144,"column":40},"end":{"line":144,"column":78}},"25":{"start":{"line":200,"column":51},"end":{"line":200,"column":72}},"26":{"start":{"line":220,"column":15},"end":{"line":362,"column":2}}},"fnMap":{"0":{"name":"RegisterScreen","decl":{"start":{"line":23,"column":24},"end":{"line":23,"column":38}},"loc":{"start":{"line":23,"column":41},"end":{"line":218,"column":1}},"line":23},"1":{"name":"(anonymous_1)","decl":{"start":{"line":34,"column":27},"end":{"line":34,"column":28}},"loc":{"start":{"line":34,"column":39},"end":{"line":58,"column":5}},"line":34},"2":{"name":"(anonymous_2)","decl":{"start":{"line":72,"column":37},"end":{"line":72,"column":38}},"loc":{"start":{"line":72,"column":43},"end":{"line":74,"column":29}},"line":72},"3":{"name":"(anonymous_3)","decl":{"start":{"line":143,"column":45},"end":{"line":143,"column":46}},"loc":{"start":{"line":144,"column":40},"end":{"line":144,"column":78}},"line":144},"4":{"name":"(anonymous_4)","decl":{"start":{"line":200,"column":45},"end":{"line":200,"column":46}},"loc":{"start":{"line":200,"column":51},"end":{"line":200,"column":72}},"line":200}},"branchMap":{"0":{"loc":{"start":{"line":35,"column":8},"end":{"line":38,"column":9}},"type":"if","locations":[{"start":{"line":35,"column":8},"end":{"line":38,"column":9}},{"start":{},"end":{}}],"line":35},"1":{"loc":{"start":{"line":35,"column":12},"end":{"line":35,"column":51}},"type":"binary-expr","locations":[{"start":{"line":35,"column":12},"end":{"line":35,"column":18}},{"start":{"line":35,"column":22},"end":{"line":35,"column":31}},{"start":{"line":35,"column":35},"end":{"line":35,"column":51}}],"line":35},"2":{"loc":{"start":{"line":40,"column":8},"end":{"line":43,"column":9}},"type":"if","locations":[{"start":{"line":40,"column":8},"end":{"line":43,"column":9}},{"start":{},"end":{}}],"line":40},"3":{"loc":{"start":{"line":53,"column":16},"end":{"line":53,"column":78}},"type":"binary-expr","locations":[{"start":{"line":53,"column":16},"end":{"line":53,"column":29}},{"start":{"line":53,"column":33},"end":{"line":53,"column":78}}],"line":53},"4":{"loc":{"start":{"line":65,"column":26},"end":{"line":65,"column":70}},"type":"cond-expr","locations":[{"start":{"line":65,"column":50},"end":{"line":65,"column":59}},{"start":{"line":65,"column":62},"end":{"line":65,"column":70}}],"line":65},"5":{"loc":{"start":{"line":149,"column":44},"end":{"line":151,"column":59}},"type":"cond-expr","locations":[{"start":{"line":150,"column":50},"end":{"line":150,"column":55}},{"start":{"line":151,"column":50},"end":{"line":151,"column":59}}],"line":149},"6":{"loc":{"start":{"line":184,"column":33},"end":{"line":190,"column":33}},"type":"cond-expr","locations":[{"start":{"line":185,"column":36},"end":{"line":185,"column":70}},{"start":{"line":187,"column":36},"end":{"line":189,"column":43}}],"line":184}},"s":{"0":1,"1":22,"2":22,"3":22,"4":22,"5":22,"6":22,"7":22,"8":22,"9":4,"10":1,"11":1,"12":3,"13":1,"14":1,"15":2,"16":2,"17":2,"18":1,"19":1,"20":1,"21":2,"22":22,"23":1,"24":1,"25":1,"26":1},"f":{"0":22,"1":4,"2":1,"3":1,"4":1},"b":{"0":[1,3],"1":[4,3,3],"2":[1,2],"3":[1,0],"4":[22,0],"5":[1,21],"6":[2,20]},"_coverageSchema":"1a1c01bbd47fc00a2c39e90264f33305004495a9","hash":"091d579689936d6ff1d11b7d6b67e8b5b6f71e8a"}
,"/media/hailam/DATA/Undergraduate/HK-251/Mobile Application Development/Assignment/DeadTood-FE/app/splash.tsx": {"path":"/media/hailam/DATA/Undergraduate/HK-251/Mobile Application Development/Assignment/DeadTood-FE/app/splash.tsx","statementMap":{"0":{"start":{"line":9,"column":23},"end":{"line":9,"column":33}},"1":{"start":{"line":10,"column":19},"end":{"line":10,"column":30}},"2":{"start":{"line":11,"column":32},"end":{"line":11,"column":41}},"3":{"start":{"line":12,"column":21},"end":{"line":12,"column":42}},"4":{"start":{"line":13,"column":22},"end":{"line":13,"column":45}},"5":{"start":{"line":15,"column":4},"end":{"line":43,"column":26}},"6":{"start":{"line":17,"column":8},"end":{"line":29,"column":19}},"7":{"start":{"line":32,"column":22},"end":{"line":40,"column":16}},"8":{"start":{"line":33,"column":12},"end":{"line":39,"column":13}},"9":{"start":{"line":34,"column":16},"end":{"line":38,"column":17}},"10":{"start":{"line":35,"column":20},"end":{"line":35,"column":46}},"11":{"start":{"line":37,"column":20},"end":{"line":37,"column":47}},"12":{"start":{"line":42,"column":8},"end":{"line":42,"column":41}},"13":{"start":{"line":42,"column":21},"end":{"line":42,"column":40}},"14":{"start":{"line":45,"column":4},"end":{"line":65,"column":6}},"15":{"start":{"line":68,"column":15},"end":{"line":96,"column":2}}},"fnMap":{"0":{"name":"SplashScreen","decl":{"start":{"line":8,"column":24},"end":{"line":8,"column":36}},"loc":{"start":{"line":8,"column":39},"end":{"line":66,"column":1}},"line":8},"1":{"name":"(anonymous_1)","decl":{"start":{"line":15,"column":14},"end":{"line":15,"column":15}},"loc":{"start":{"line":15,"column":20},"end":{"line":43,"column":5}},"line":15},"2":{"name":"(anonymous_2)","decl":{"start":{"line":32,"column":33},"end":{"line":32,"column":34}},"loc":{"start":{"line":32,"column":39},"end":{"line":40,"column":9}},"line":32},"3":{"name":"(anonymous_3)","decl":{"start":{"line":42,"column":15},"end":{"line":42,"column":16}},"loc":{"start":{"line":42,"column":21},"end":{"line":42,"column":40}},"line":42}},"branchMap":{"0":{"loc":{"start":{"line":33,"column":12},"end":{"line":39,"column":13}},"type":"if","locations":[{"start":{"line":33,"column":12},"end":{"line":39,"column":13}},{"start":{},"end":{}}],"line":33},"1":{"loc":{"start":{"line":34,"column":16},"end":{"line":38,"column":17}},"type":"if","locations":[{"start":{"line":34,"column":16},"end":{"line":38,"column":17}},{"start":{"line":36,"column":23},"end":{"line":38,"column":17}}],"line":34}},"s":{"0":4,"1":4,"2":4,"3":4,"4":4,"5":4,"6":4,"7":4,"8":3,"9":2,"10":1,"11":1,"12":4,"13":4,"14":4,"15":1},"f":{"0":4,"1":4,"2":3,"3":4},"b":{"0":[2,1],"1":[1,1]},"_coverageSchema":"1a1c01bbd47fc00a2c39e90264f33305004495a9","hash":"af82138703da24adf5b3403be6d49b55b17c1008"}
,"/media/hailam/DATA/Undergraduate/HK-251/Mobile Application Development/Assignment/DeadTood-FE/app/welcome.tsx": {"path":"/media/hailam/DATA/Undergraduate/HK-251/Mobile Application Development/Assignment/DeadTood-FE/app/welcome.tsx","statementMap":{"0":{"start":{"line":15,"column":18},"end":{"line":15,"column":42}},"1":{"start":{"line":18,"column":4},"end":{"line":86,"column":6}},"2":{"start":{"line":90,"column":15},"end":{"line":183,"column":2}}},"fnMap":{"0":{"name":"WelcomeScreen","decl":{"start":{"line":17,"column":24},"end":{"line":17,"column":37}},"loc":{"start":{"line":17,"column":40},"end":{"line":87,"column":1}},"line":17}},"branchMap":{},"s":{"0":1,"1":4,"2":1},"f":{"0":4},"b":{},"_coverageSchema":"1a1c01bbd47fc00a2c39e90264f33305004495a9","hash":"eed15beeb63c298b895aa72cfbdbddc706f2ff86"}
,"/media/hailam/DATA/Undergraduate/HK-251/Mobile Application Development/Assignment/DeadTood-FE/app/(tabs)/_layout.tsx": {"path":"/media/hailam/DATA/Undergraduate/HK-251/Mobile Application Development/Assignment/DeadTood-FE/app/(tabs)/_layout.tsx","statementMap":{"0":{"start":{"line":11,"column":21},"end":{"line":11,"column":31}},"1":{"start":{"line":12,"column":66},"end":{"line":17,"column":3}},"2":{"start":{"line":19,"column":2},"end":{"line":23,"column":4}},"3":{"start":{"line":28,"column":17},"end":{"line":28,"column":28}},"4":{"start":{"line":29,"column":21},"end":{"line":29,"column":31}},"5":{"start":{"line":31,"column":2},"end":{"line":41,"column":4}},"6":{"start":{"line":35,"column":23},"end":{"line":35,"column":44}},"7":{"start":{"line":45,"column":21},"end":{"line":45,"column":31}},"8":{"start":{"line":47,"column":2},"end":{"line":106,"column":4}},"9":{"start":{"line":61,"column":46},"end":{"line":61,"column":101}},"10":{"start":{"line":68,"column":46},"end":{"line":68,"column":102}},"11":{"start":{"line":76,"column":30},"end":{"line":76,"column":47}},"12":{"start":{"line":80,"column":12},"end":{"line":80,"column":31}},"13":{"start":{"line":88,"column":46},"end":{"line":88,"column":104}},"14":{"start":{"line":95,"column":46},"end":{"line":95,"column":105}},"15":{"start":{"line":109,"column":15},"end":{"line":150,"column":2}}},"fnMap":{"0":{"name":"TabIcon","decl":{"start":{"line":10,"column":9},"end":{"line":10,"column":16}},"loc":{"start":{"line":10,"column":94},"end":{"line":24,"column":1}},"line":10},"1":{"name":"AddTaskButton","decl":{"start":{"line":27,"column":9},"end":{"line":27,"column":22}},"loc":{"start":{"line":27,"column":25},"end":{"line":42,"column":1}},"line":27},"2":{"name":"(anonymous_2)","decl":{"start":{"line":35,"column":17},"end":{"line":35,"column":18}},"loc":{"start":{"line":35,"column":23},"end":{"line":35,"column":44}},"line":35},"3":{"name":"TabLayout","decl":{"start":{"line":44,"column":24},"end":{"line":44,"column":33}},"loc":{"start":{"line":44,"column":36},"end":{"line":107,"column":1}},"line":44},"4":{"name":"(anonymous_4)","decl":{"start":{"line":61,"column":22},"end":{"line":61,"column":23}},"loc":{"start":{"line":61,"column":46},"end":{"line":61,"column":101}},"line":61},"5":{"name":"(anonymous_5)","decl":{"start":{"line":68,"column":22},"end":{"line":68,"column":23}},"loc":{"start":{"line":68,"column":46},"end":{"line":68,"column":102}},"line":68},"6":{"name":"(anonymous_6)","decl":{"start":{"line":76,"column":24},"end":{"line":76,"column":25}},"loc":{"start":{"line":76,"column":30},"end":{"line":76,"column":47}},"line":76},"7":{"name":"(anonymous_7)","decl":{"start":{"line":79,"column":20},"end":{"line":79,"column":21}},"loc":{"start":{"line":79,"column":27},"end":{"line":81,"column":11}},"line":79},"8":{"name":"(anonymous_8)","decl":{"start":{"line":88,"column":22},"end":{"line":88,"column":23}},"loc":{"start":{"line":88,"column":46},"end":{"line":88,"column":104}},"line":88},"9":{"name":"(anonymous_9)","decl":{"start":{"line":95,"column":22},"end":{"line":95,"column":23}},"loc":{"start":{"line":95,"column":46},"end":{"line":95,"column":105}},"line":95}},"branchMap":{"0":{"loc":{"start":{"line":13,"column":10},"end":{"line":13,"column":43}},"type":"cond-expr","locations":[{"start":{"line":13,"column":20},"end":{"line":13,"column":26}},{"start":{"line":13,"column":29},"end":{"line":13,"column":43}}],"line":13},"1":{"loc":{"start":{"line":14,"column":11},"end":{"line":14,"column":52}},"type":"cond-expr","locations":[{"start":{"line":14,"column":21},"end":{"line":14,"column":31}},{"start":{"line":14,"column":34},"end":{"line":14,"column":52}}],"line":14},"2":{"loc":{"start":{"line":15,"column":13},"end":{"line":15,"column":46}},"type":"cond-expr","locations":[{"start":{"line":15,"column":23},"end":{"line":15,"column":29}},{"start":{"line":15,"column":32},"end":{"line":15,"column":46}}],"line":15},"3":{"loc":{"start":{"line":16,"column":14},"end":{"line":16,"column":55}},"type":"cond-expr","locations":[{"start":{"line":16,"column":24},"end":{"line":16,"column":34}},{"start":{"line":16,"column":37},"end":{"line":16,"column":55}}],"line":16},"4":{"loc":{"start":{"line":20,"column":40},"end":{"line":20,"column":91}},"type":"binary-expr","locations":[{"start":{"line":20,"column":40},"end":{"line":20,"column":47}},{"start":{"line":20,"column":51},"end":{"line":20,"column":91}}],"line":20},"5":{"loc":{"start":{"line":21,"column":22},"end":{"line":21,"column":53}},"type":"binary-expr","locations":[{"start":{"line":21,"column":22},"end":{"line":21,"column":35}},{"start":{"line":21,"column":39},"end":{"line":21,"column":53}}],"line":21}},"s":{"0":56,"1":56,"2":56,"3":7,"4":7,"5":7,"6":1,"7":7,"8":7,"9":14,"10":14,"11":7,"12":0,"13":14,"14":14,"15":1},"f":{"0":56,"1":7,"2":1,"3":7,"4":14,"5":14,"6":7,"7":0,"8":14,"9":14},"b":{"0":[28,28],"1":[28,28],"2":[28,28],"3":[28,28],"4":[56,28],"5":[56,0]},"_coverageSchema":"1a1c01bbd47fc00a2c39e90264f33305004495a9","hash":"d4b86f0f4819155c2f2c87fa3d2e0df28a76407c"}
,"/media/hailam/DATA/Undergraduate/HK-251/Mobile Application Development/Assignment/DeadTood-FE/app/(tabs)/add-task.tsx": {"path":"/media/hailam/DATA/Undergraduate/HK-251/Mobile Application Development/Assignment/DeadTood-FE/app/(tabs)/add-task.tsx","statementMap":{"0":{"start":{"line":4,"column":2},"end":{"line":4,"column":36}}},"fnMap":{"0":{"name":"AddTaskPlaceholder","decl":{"start":{"line":3,"column":24},"end":{"line":3,"column":42}},"loc":{"start":{"line":3,"column":45},"end":{"line":5,"column":1}},"line":3}},"branchMap":{},"s":{"0":1},"f":{"0":1},"b":{},"_coverageSchema":"1a1c01bbd47fc00a2c39e90264f33305004495a9","hash":"7c10e7ae74ccc175510fbe07b64b4ff2eadf2479"}
,"/media/hailam/DATA/Undergraduate/HK-251/Mobile Application Development/Assignment/DeadTood-FE/app/(tabs)/courses.tsx": {"path":"/media/hailam/DATA/Undergraduate/HK-251/Mobile Application Development/Assignment/DeadTood-FE/app/(tabs)/courses.tsx","statementMap":{"0":{"start":{"line":12,"column":21},"end":{"line":12,"column":31}},"1":{"start":{"line":13,"column":17},"end":{"line":13,"column":28}},"2":{"start":{"line":14,"column":44},"end":{"line":14,"column":56}},"3":{"start":{"line":15,"column":49},"end":{"line":15,"column":68}},"4":{"start":{"line":17,"column":2},"end":{"line":22,"column":4}},"5":{"start":{"line":19,"column":6},"end":{"line":19,"column":16}},"6":{"start":{"line":20,"column":6},"end":{"line":20,"column":21}},"7":{"start":{"line":24,"column":18},"end":{"line":24,"column":35}},"8":{"start":{"line":25,"column":26},"end":{"line":25,"column":61}},"9":{"start":{"line":27,"column":28},"end":{"line":29,"column":3}},"10":{"start":{"line":28,"column":4},"end":{"line":28,"column":39}},"11":{"start":{"line":31,"column":29},"end":{"line":33,"column":3}},"12":{"start":{"line":32,"column":4},"end":{"line":32,"column":34}},"13":{"start":{"line":35,"column":2},"end":{"line":44,"column":3}},"14":{"start":{"line":36,"column":4},"end":{"line":43,"column":6}},"15":{"start":{"line":46,"column":2},"end":{"line":56,"column":3}},"16":{"start":{"line":47,"column":4},"end":{"line":55,"column":6}},"17":{"start":{"line":58,"column":2},"end":{"line":127,"column":4}},"18":{"start":{"line":106,"column":10},"end":{"line":110,"column":12}},"19":{"start":{"line":109,"column":27},"end":{"line":109,"column":55}},"20":{"start":{"line":130,"column":15},"end":{"line":238,"column":2}}},"fnMap":{"0":{"name":"CoursesScreen","decl":{"start":{"line":11,"column":24},"end":{"line":11,"column":37}},"loc":{"start":{"line":11,"column":40},"end":{"line":128,"column":1}},"line":11},"1":{"name":"(anonymous_1)","decl":{"start":{"line":18,"column":16},"end":{"line":18,"column":17}},"loc":{"start":{"line":18,"column":22},"end":{"line":21,"column":5}},"line":18},"2":{"name":"(anonymous_2)","decl":{"start":{"line":27,"column":28},"end":{"line":27,"column":29}},"loc":{"start":{"line":27,"column":50},"end":{"line":29,"column":3}},"line":27},"3":{"name":"(anonymous_3)","decl":{"start":{"line":31,"column":29},"end":{"line":31,"column":30}},"loc":{"start":{"line":31,"column":35},"end":{"line":33,"column":3}},"line":31},"4":{"name":"(anonymous_4)","decl":{"start":{"line":105,"column":21},"end":{"line":105,"column":22}},"loc":{"start":{"line":106,"column":10},"end":{"line":110,"column":12}},"line":106},"5":{"name":"(anonymous_5)","decl":{"start":{"line":109,"column":21},"end":{"line":109,"column":22}},"loc":{"start":{"line":109,"column":27},"end":{"line":109,"column":55}},"line":109}},"branchMap":{"0":{"loc":{"start":{"line":24,"column":18},"end":{"line":24,"column":35}},"type":"binary-expr","locations":[{"start":{"line":24,"column":18},"end":{"line":24,"column":29}},{"start":{"line":24,"column":33},"end":{"line":24,"column":35}}],"line":24},"1":{"loc":{"start":{"line":25,"column":26},"end":{"line":25,"column":61}},"type":"binary-expr","locations":[{"start":{"line":25,"column":26},"end":{"line":25,"column":46}},{"start":{"line":25,"column":50},"end":{"line":25,"column":61}}],"line":25},"2":{"loc":{"start":{"line":35,"column":2},"end":{"line":44,"column":3}},"type":"if","locations":[{"start":{"line":35,"column":2},"end":{"line":44,"column":3}},{"start":{},"end":{}}],"line":35},"3":{"loc":{"start":{"line":46,"column":2},"end":{"line":56,"column":3}},"type":"if","locations":[{"start":{"line":46,"column":2},"end":{"line":56,"column":3}},{"start":{},"end":{}}],"line":46},"4":{"loc":{"start":{"line":91,"column":77},"end":{"line":91,"column":97}},"type":"binary-expr","locations":[{"start":{"line":91,"column":77},"end":{"line":91,"column":92}},{"start":{"line":91,"column":96},"end":{"line":91,"column":97}}],"line":91},"5":{"loc":{"start":{"line":113,"column":9},"end":{"line":121,"column":9}},"type":"binary-expr","locations":[{"start":{"line":113,"column":9},"end":{"line":113,"column":29}},{"start":{"line":114,"column":10},"end":{"line":120,"column":17}}],"line":113}},"s":{"0":7,"1":7,"2":7,"3":7,"4":7,"5":7,"6":7,"7":7,"8":7,"9":7,"10":1,"11":7,"12":1,"13":7,"14":1,"15":6,"16":1,"17":5,"18":3,"19":1,"20":1},"f":{"0":7,"1":7,"2":1,"3":1,"4":3,"5":1},"b":{"0":[7,2],"1":[7,6],"2":[1,6],"3":[1,5],"4":[5,0],"5":[5,3]},"_coverageSchema":"1a1c01bbd47fc00a2c39e90264f33305004495a9","hash":"18132a046c6153f8f9b567d4db73e94b3d39d1b6"}
,"/media/hailam/DATA/Undergraduate/HK-251/Mobile Application Development/Assignment/DeadTood-FE/app/(tabs)/index.tsx": {"path":"/media/hailam/DATA/Undergraduate/HK-251/Mobile Application Development/Assignment/DeadTood-FE/app/(tabs)/index.tsx","statementMap":{"0":{"start":{"line":13,"column":17},"end":{"line":13,"column":28}},"1":{"start":{"line":14,"column":21},"end":{"line":14,"column":31}},"2":{"start":{"line":15,"column":44},"end":{"line":15,"column":58}},"3":{"start":{"line":17,"column":2},"end":{"line":21,"column":4}},"4":{"start":{"line":19,"column":6},"end":{"line":19,"column":16}},"5":{"start":{"line":23,"column":29},"end":{"line":25,"column":3}},"6":{"start":{"line":24,"column":4},"end":{"line":24,"column":26}},"7":{"start":{"line":27,"column":2},"end":{"line":35,"column":3}},"8":{"start":{"line":28,"column":4},"end":{"line":34,"column":6}},"9":{"start":{"line":37,"column":2},"end":{"line":45,"column":3}},"10":{"start":{"line":38,"column":4},"end":{"line":44,"column":6}},"11":{"start":{"line":47,"column":16},"end":{"line":47,"column":27}},"12":{"start":{"line":48,"column":24},"end":{"line":48,"column":49}},"13":{"start":{"line":50,"column":2},"end":{"line":98,"column":4}},"14":{"start":{"line":89,"column":12},"end":{"line":93,"column":14}},"15":{"start":{"line":92,"column":29},"end":{"line":92,"column":60}},"16":{"start":{"line":101,"column":15},"end":{"line":152,"column":2}}},"fnMap":{"0":{"name":"HomeScreen","decl":{"start":{"line":12,"column":24},"end":{"line":12,"column":34}},"loc":{"start":{"line":12,"column":37},"end":{"line":99,"column":1}},"line":12},"1":{"name":"(anonymous_1)","decl":{"start":{"line":18,"column":16},"end":{"line":18,"column":17}},"loc":{"start":{"line":18,"column":22},"end":{"line":20,"column":5}},"line":18},"2":{"name":"(anonymous_2)","decl":{"start":{"line":23,"column":29},"end":{"line":23,"column":30}},"loc":{"start":{"line":23,"column":35},"end":{"line":25,"column":3}},"line":23},"3":{"name":"(anonymous_3)","decl":{"start":{"line":88,"column":29},"end":{"line":88,"column":30}},"loc":{"start":{"line":89,"column":12},"end":{"line":93,"column":14}},"line":89},"4":{"name":"(anonymous_4)","decl":{"start":{"line":92,"column":23},"end":{"line":92,"column":24}},"loc":{"start":{"line":92,"column":29},"end":{"line":92,"column":60}},"line":92}},"branchMap":{"0":{"loc":{"start":{"line":27,"column":2},"end":{"line":35,"column":3}},"type":"if","locations":[{"start":{"line":27,"column":2},"end":{"line":35,"column":3}},{"start":{},"end":{}}],"line":27},"1":{"loc":{"start":{"line":37,"column":2},"end":{"line":45,"column":3}},"type":"if","locations":[{"start":{"line":37,"column":2},"end":{"line":45,"column":3}},{"start":{},"end":{}}],"line":37},"2":{"loc":{"start":{"line":48,"column":24},"end":{"line":48,"column":49}},"type":"binary-expr","locations":[{"start":{"line":48,"column":24},"end":{"line":48,"column":43}},{"start":{"line":48,"column":47},"end":{"line":48,"column":49}}],"line":48},"3":{"loc":{"start":{"line":67,"column":21},"end":{"line":67,"column":41}},"type":"binary-expr","locations":[{"start":{"line":67,"column":21},"end":{"line":67,"column":36}},{"start":{"line":67,"column":40},"end":{"line":67,"column":41}}],"line":67},"4":{"loc":{"start":{"line":74,"column":21},"end":{"line":74,"column":45}},"type":"binary-expr","locations":[{"start":{"line":74,"column":21},"end":{"line":74,"column":40}},{"start":{"line":74,"column":44},"end":{"line":74,"column":45}}],"line":74}},"s":{"0":6,"1":6,"2":6,"3":6,"4":6,"5":6,"6":1,"7":6,"8":1,"9":5,"10":1,"11":4,"12":4,"13":4,"14":8,"15":1,"16":1},"f":{"0":6,"1":6,"2":1,"3":8,"4":1},"b":{"0":[1,5],"1":[1,4],"2":[4,0],"3":[4,0],"4":[4,0]},"_coverageSchema":"1a1c01bbd47fc00a2c39e90264f33305004495a9","hash":"c80a1b81d55606fe28298d477f7272592792cfe8"}
,"/media/hailam/DATA/Undergraduate/HK-251/Mobile Application Development/Assignment/DeadTood-FE/app/(tabs)/settings.tsx": {"path":"/media/hailam/DATA/Undergraduate/HK-251/Mobile Application Development/Assignment/DeadTood-FE/app/(tabs)/settings.tsx","statementMap":{"0":{"start":{"line":41,"column":4},"end":{"line":92,"column":6}},"1":{"start":{"line":96,"column":19},"end":{"line":96,"column":30}},"2":{"start":{"line":97,"column":23},"end":{"line":97,"column":32}},"3":{"start":{"line":98,"column":69},"end":{"line":98,"column":79}},"4":{"start":{"line":99,"column":46},"end":{"line":99,"column":66}},"5":{"start":{"line":101,"column":25},"end":{"line":113,"column":5}},"6":{"start":{"line":102,"column":8},"end":{"line":112,"column":11}},"7":{"start":{"line":108,"column":20},"end":{"line":108,"column":35}},"8":{"start":{"line":115,"column":30},"end":{"line":124,"column":5}},"9":{"start":{"line":116,"column":8},"end":{"line":123,"column":9}},"10":{"start":{"line":118,"column":16},"end":{"line":118,"column":31}},"11":{"start":{"line":120,"column":16},"end":{"line":120,"column":30}},"12":{"start":{"line":122,"column":16},"end":{"line":122,"column":32}},"13":{"start":{"line":126,"column":27},"end":{"line":131,"column":5}},"14":{"start":{"line":127,"column":35},"end":{"line":127,"column":62}},"15":{"start":{"line":128,"column":29},"end":{"line":128,"column":53}},"16":{"start":{"line":129,"column":26},"end":{"line":129,"column":59}},"17":{"start":{"line":130,"column":8},"end":{"line":130,"column":39}},"18":{"start":{"line":133,"column":4},"end":{"line":324,"column":6}},"19":{"start":{"line":170,"column":43},"end":{"line":170,"column":66}},"20":{"start":{"line":242,"column":43},"end":{"line":242,"column":66}},"21":{"start":{"line":250,"column":43},"end":{"line":250,"column":66}},"22":{"start":{"line":257,"column":43},"end":{"line":257,"column":62}},"23":{"start":{"line":283,"column":43},"end":{"line":283,"column":62}},"24":{"start":{"line":290,"column":43},"end":{"line":290,"column":65}},"25":{"start":{"line":298,"column":43},"end":{"line":298,"column":63}},"26":{"start":{"line":327,"column":15},"end":{"line":398,"column":2}}},"fnMap":{"0":{"name":"SettingItem","decl":{"start":{"line":30,"column":9},"end":{"line":30,"column":20}},"loc":{"start":{"line":40,"column":21},"end":{"line":93,"column":1}},"line":40},"1":{"name":"SettingsScreen","decl":{"start":{"line":95,"column":24},"end":{"line":95,"column":38}},"loc":{"start":{"line":95,"column":41},"end":{"line":325,"column":1}},"line":95},"2":{"name":"(anonymous_2)","decl":{"start":{"line":101,"column":25},"end":{"line":101,"column":26}},"loc":{"start":{"line":101,"column":31},"end":{"line":113,"column":5}},"line":101},"3":{"name":"(anonymous_3)","decl":{"start":{"line":107,"column":25},"end":{"line":107,"column":26}},"loc":{"start":{"line":107,"column":37},"end":{"line":110,"column":17}},"line":107},"4":{"name":"(anonymous_4)","decl":{"start":{"line":115,"column":30},"end":{"line":115,"column":31}},"loc":{"start":{"line":115,"column":59},"end":{"line":124,"column":5}},"line":115},"5":{"name":"(anonymous_5)","decl":{"start":{"line":126,"column":27},"end":{"line":126,"column":28}},"loc":{"start":{"line":126,"column":33},"end":{"line":131,"column":5}},"line":126},"6":{"name":"(anonymous_6)","decl":{"start":{"line":170,"column":37},"end":{"line":170,"column":38}},"loc":{"start":{"line":170,"column":43},"end":{"line":170,"column":66}},"line":170},"7":{"name":"(anonymous_7)","decl":{"start":{"line":242,"column":37},"end":{"line":242,"column":38}},"loc":{"start":{"line":242,"column":43},"end":{"line":242,"column":66}},"line":242},"8":{"name":"(anonymous_8)","decl":{"start":{"line":250,"column":37},"end":{"line":250,"column":38}},"loc":{"start":{"line":250,"column":43},"end":{"line":250,"column":66}},"line":250},"9":{"name":"(anonymous_9)","decl":{"start":{"line":257,"column":37},"end":{"line":257,"column":38}},"loc":{"start":{"line":257,"column":43},"end":{"line":257,"column":62}},"line":257},"10":{"name":"(anonymous_10)","decl":{"start":{"line":283,"column":37},"end":{"line":283,"column":38}},"loc":{"start":{"line":283,"column":43},"end":{"line":283,"column":62}},"line":283},"11":{"name":"(anonymous_11)","decl":{"start":{"line":290,"column":37},"end":{"line":290,"column":38}},"loc":{"start":{"line":290,"column":43},"end":{"line":290,"column":65}},"line":290},"12":{"name":"(anonymous_12)","decl":{"start":{"line":298,"column":37},"end":{"line":298,"column":38}},"loc":{"start":{"line":298,"column":43},"end":{"line":298,"column":63}},"line":298}},"branchMap":{"0":{"loc":{"start":{"line":57,"column":27},"end":{"line":57,"column":60}},"type":"binary-expr","locations":[{"start":{"line":57,"column":27},"end":{"line":57,"column":36}},{"start":{"line":57,"column":40},"end":{"line":57,"column":60}}],"line":57},"1":{"loc":{"start":{"line":66,"column":17},"end":{"line":75,"column":17}},"type":"binary-expr","locations":[{"start":{"line":66,"column":17},"end":{"line":66,"column":25}},{"start":{"line":67,"column":20},"end":{"line":74,"column":27}}],"line":66},"2":{"loc":{"start":{"line":77,"column":13},"end":{"line":90,"column":13}},"type":"cond-expr","locations":[{"start":{"line":78,"column":16},"end":{"line":83,"column":18}},{"start":{"line":85,"column":16},"end":{"line":89,"column":18}}],"line":77},"3":{"loc":{"start":{"line":116,"column":8},"end":{"line":123,"column":9}},"type":"switch","locations":[{"start":{"line":117,"column":12},"end":{"line":118,"column":31}},{"start":{"line":119,"column":12},"end":{"line":120,"column":30}},{"start":{"line":121,"column":12},"end":{"line":122,"column":32}}],"line":116}},"s":{"0":60,"1":6,"2":6,"3":6,"4":6,"5":6,"6":1,"7":1,"8":6,"9":6,"10":6,"11":0,"12":0,"13":6,"14":1,"15":1,"16":1,"17":1,"18":6,"19":1,"20":0,"21":0,"22":0,"23":0,"24":0,"25":0,"26":1},"f":{"0":60,"1":6,"2":1,"3":1,"4":6,"5":1,"6":1,"7":0,"8":0,"9":0,"10":0,"11":0,"12":0},"b":{"0":[60,0],"1":[60,30],"2":[12,48],"3":[6,0,0]},"_coverageSchema":"1a1c01bbd47fc00a2c39e90264f33305004495a9","hash":"f9165bc372ca083dbe05be5d3033abf6b2a08834"}
,"/media/hailam/DATA/Undergraduate/HK-251/Mobile Application Development/Assignment/DeadTood-FE/app/(tabs)/tasks.tsx": {"path":"/media/hailam/DATA/Undergraduate/HK-251/Mobile Application Development/Assignment/DeadTood-FE/app/(tabs)/tasks.tsx","statementMap":{"0":{"start":{"line":15,"column":17},"end":{"line":15,"column":28}},"1":{"start":{"line":16,"column":42},"end":{"line":16,"column":69}},"2":{"start":{"line":17,"column":21},"end":{"line":17,"column":31}},"3":{"start":{"line":18,"column":44},"end":{"line":18,"column":54}},"4":{"start":{"line":20,"column":2},"end":{"line":24,"column":4}},"5":{"start":{"line":22,"column":6},"end":{"line":22,"column":16}},"6":{"start":{"line":26,"column":72},"end":{"line":31,"column":3}},"7":{"start":{"line":33,"column":19},"end":{"line":33,"column":36}},"8":{"start":{"line":35,"column":24},"end":{"line":38,"column":30}},"9":{"start":{"line":36,"column":4},"end":{"line":36,"column":48}},"10":{"start":{"line":36,"column":32},"end":{"line":36,"column":48}},"11":{"start":{"line":37,"column":4},"end":{"line":37,"column":67}},"12":{"start":{"line":37,"column":35},"end":{"line":37,"column":65}},"13":{"start":{"line":40,"column":2},"end":{"line":49,"column":3}},"14":{"start":{"line":41,"column":4},"end":{"line":48,"column":6}},"15":{"start":{"line":51,"column":2},"end":{"line":61,"column":3}},"16":{"start":{"line":52,"column":4},"end":{"line":60,"column":6}},"17":{"start":{"line":63,"column":2},"end":{"line":130,"column":4}},"18":{"start":{"line":83,"column":10},"end":{"line":104,"column":29}},"19":{"start":{"line":90,"column":27},"end":{"line":90,"column":54}},"20":{"start":{"line":114,"column":10},"end":{"line":118,"column":12}},"21":{"start":{"line":117,"column":27},"end":{"line":117,"column":58}},"22":{"start":{"line":133,"column":15},"end":{"line":226,"column":2}}},"fnMap":{"0":{"name":"TasksScreen","decl":{"start":{"line":14,"column":24},"end":{"line":14,"column":35}},"loc":{"start":{"line":14,"column":38},"end":{"line":131,"column":1}},"line":14},"1":{"name":"(anonymous_1)","decl":{"start":{"line":21,"column":16},"end":{"line":21,"column":17}},"loc":{"start":{"line":21,"column":22},"end":{"line":23,"column":5}},"line":21},"2":{"name":"(anonymous_2)","decl":{"start":{"line":35,"column":32},"end":{"line":35,"column":33}},"loc":{"start":{"line":35,"column":38},"end":{"line":38,"column":3}},"line":35},"3":{"name":"(anonymous_3)","decl":{"start":{"line":37,"column":27},"end":{"line":37,"column":28}},"loc":{"start":{"line":37,"column":35},"end":{"line":37,"column":65}},"line":37},"4":{"name":"(anonymous_4)","decl":{"start":{"line":82,"column":21},"end":{"line":82,"column":22}},"loc":{"start":{"line":83,"column":10},"end":{"line":104,"column":29}},"line":83},"5":{"name":"(anonymous_5)","decl":{"start":{"line":90,"column":21},"end":{"line":90,"column":22}},"loc":{"start":{"line":90,"column":27},"end":{"line":90,"column":54}},"line":90},"6":{"name":"(anonymous_6)","decl":{"start":{"line":113,"column":27},"end":{"line":113,"column":28}},"loc":{"start":{"line":114,"column":10},"end":{"line":118,"column":12}},"line":114},"7":{"name":"(anonymous_7)","decl":{"start":{"line":117,"column":21},"end":{"line":117,"column":22}},"loc":{"start":{"line":117,"column":27},"end":{"line":117,"column":58}},"line":117}},"branchMap":{"0":{"loc":{"start":{"line":33,"column":19},"end":{"line":33,"column":36}},"type":"binary-expr","locations":[{"start":{"line":33,"column":19},"end":{"line":33,"column":30}},{"start":{"line":33,"column":34},"end":{"line":33,"column":36}}],"line":33},"1":{"loc":{"start":{"line":36,"column":4},"end":{"line":36,"column":48}},"type":"if","locations":[{"start":{"line":36,"column":4},"end":{"line":36,"column":48}},{"start":{},"end":{}}],"line":36},"2":{"loc":{"start":{"line":40,"column":2},"end":{"line":49,"column":3}},"type":"if","locations":[{"start":{"line":40,"column":2},"end":{"line":49,"column":3}},{"start":{},"end":{}}],"line":40},"3":{"loc":{"start":{"line":51,"column":2},"end":{"line":61,"column":3}},"type":"if","locations":[{"start":{"line":51,"column":2},"end":{"line":61,"column":3}},{"start":{},"end":{}}],"line":51},"4":{"loc":{"start":{"line":88,"column":14},"end":{"line":88,"column":109}},"type":"binary-expr","locations":[{"start":{"line":88,"column":14},"end":{"line":88,"column":41}},{"start":{"line":88,"column":45},"end":{"line":88,"column":109}}],"line":88},"5":{"loc":{"start":{"line":92,"column":13},"end":{"line":94,"column":13}},"type":"binary-expr","locations":[{"start":{"line":92,"column":13
[...]
,"/media/hailam/DATA/Undergraduate/HK-251/Mobile Application Development/Assignment/DeadTood-FE/components/common/SectionHeader.tsx": {"path":"/media/hailam/DATA/Undergraduate/HK-251/Mobile Application Development/Assignment/DeadTood-FE/components/common/SectionHeader.tsx","statementMap":{"0":{"start":{"line":14,"column":21},"end":{"line":14,"column":31}},"1":{"start":{"line":16,"column":2},"end":{"line":26,"column":4}},"2":{"start":{"line":29,"column":15},"end":{"line":49,"column":2}}},"fnMap":{"0":{"name":"SectionHeader","decl":{"start":{"line":13,"column":16},"end":{"line":13,"column":29}},"loc":{"start":{"line":13,"column":101},"end":{"line":27,"column":1}},"line":13}},"branchMap":{"0":{"loc":{"start":{"line":13,"column":39},"end":{"line":13,"column":62}},"type":"default-arg","locations":[{"start":{"line":13,"column":52},"end":{"line":13,"column":62}}],"line":13},"1":{"loc":{"start":{"line":19,"column":7},"end":{"line":24,"column":7}},"type":"binary-expr","locations":[{"start":{"line":19,"column":7},"end":{"line":19,"column":20}},{"start":{"line":20,"column":8},"end":{"line":23,"column":27}}],"line":19}},"s":{"0":6,"1":6,"2":1},"f":{"0":6},"b":{"0":[5],"1":[6,4]},"_coverageSchema":"1a1c01bbd47fc00a2c39e90264f33305004495a9","hash":"fde4249cb25a1f29474d0a71d8241419160e9cb6"}
,"/media/hailam/DATA/Undergraduate/HK-251/Mobile Application Development/Assignment/DeadTood-FE/components/courses/CourseCard.tsx": {"path":"/media/hailam/DATA/Undergraduate/HK-251/Mobile Application Development/Assignment/DeadTood-FE/components/courses/CourseCard.tsx","statementMap":{"0":{"start":{"line":18,"column":4},"end":{"line":49,"column":5}},"1":{"start":{"line":20,"column":12},"end":{"line":20,"column":76}},"2":{"start":{"line":22,"column":12},"end":{"line":28,"column":14}},"3":{"start":{"line":30,"column":12},"end":{"line":30,"column":70}},"4":{"start":{"line":32,"column":12},"end":{"line":34,"column":14}},"5":{"start":{"line":36,"column":12},"end":{"line":36,"column":76}},"6":{"start":{"line":38,"column":12},"end":{"line":38,"column":79}},"7":{"start":{"line":40,"column":12},"end":{"line":40,"column":79}},"8":{"start":{"line":42,"column":12},"end":{"line":42,"column":71}},"9":{"start":{"line":44,"column":12},"end":{"line":44,"column":73}},"10":{"start":{"line":46,"column":12},"end":{"line":46,"column":75}},"11":{"start":{"line":48,"column":12},"end":{"line":48,"column":72}},"12":{"start":{"line":53,"column":23},"end":{"line":53,"column":33}},"13":{"start":{"line":55,"column":4},"end":{"line":186,"column":6}},"14":{"start":{"line":189,"column":15},"end":{"line":300,"column":2}}},"fnMap":{"0":{"name":"getCourseIcon","decl":{"start":{"line":13,"column":16},"end":{"line":13,"column":29}},"loc":{"start":{"line":17,"column":2},"end":{"line":50,"column":1}},"line":17},"1":{"name":"CourseCard","decl":{"start":{"line":52,"column":16},"end":{"line":52,"column":26}},"loc":{"start":{"line":52,"column":65},"end":{"line":187,"column":1}},"line":52}},"branchMap":{"0":{"loc":{"start":{"line":15,"column":4},"end":{"line":15,"column":21}},"type":"default-arg","locations":[{"start":{"line":15,"column":19},"end":{"line":15,"column":21}}],"line":15},"1":{"loc":{"start":{"line":16,"column":4},"end":{"line":16,"column":29}},"type":"default-arg","locations":[{"start":{"line":16,"column":20},"end":{"line":16,"column":29}}],"line":16},"2":{"loc":{"start":{"line":18,"column":4},"end":{"line":49,"column":5}},"type":"switch","locations":[{"start":{"line":19,"column":8},"end":{"line":20,"column":76}},{"start":{"line":21,"column":8},"end":{"line":28,"column":14}},{"start":{"line":29,"column":8},"end":{"line":30,"column":70}},{"start":{"line":31,"column":8},"end":{"line":34,"column":14}},{"start":{"line":35,"column":8},"end":{"line":36,"column":76}},{"start":{"line":37,"column":8},"end":{"line":38,"column":79}},{"start":{"line":39,"column":8},"end":{"line":40,"column":79}},{"start":{"line":41,"column":8},"end":{"line":42,"column":71}},{"start":{"line":43,"column":8},"end":{"line":44,"column":73}},{"start":{"line":45,"column":8},"end":{"line":46,"column":75}},{"start":{"line":47,"column":8},"end":{"line":48,"column":72}}],"line":18},"3":{"loc":{"start":{"line":101,"column":29},"end":{"line":101,"column":53}},"type":"binary-expr","locations":[{"start":{"line":101,"column":29},"end":{"line":101,"column":44}},{"start":{"line":101,"column":48},"end":{"line":101,"column":53}}],"line":101},"4":{"loc":{"start":{"line":119,"column":29},"end":{"line":119,"column":55}},"type":"binary-expr","locations":[{"start":{"line":119,"column":29},"end":{"line":119,"column":46}},{"start":{"line":119,"column":50},"end":{"line":119,"column":55}}],"line":119}},"s":{"0":17,"1":7,"2":1,"3":1,"4":1,"5":1,"6":1,"7":1,"8":1,"9":1,"10":1,"11":1,"12":5,"13":5,"14":1},"f":{"0":17,"1":5},"b":{"0":[1],"1":[1],"2":[7,1,1,1,1,1,1,1,1,1,1],"3":[5,1],"4":[5,1]},"_coverageSchema":"1a1c01bbd47fc00a2c39e90264f33305004495a9","hash":"27d108f145f3b556a8caee7f028995ea204a3af5"}
,"/media/hailam/DATA/Undergraduate/HK-251/Mobile Application Development/Assignment/DeadTood-FE/components/home/HeaderGreeting.tsx": {"path":"/media/hailam/DATA/Undergraduate/HK-251/Mobile Application Development/Assignment/DeadTood-FE/components/home/HeaderGreeting.tsx","statementMap":{"0":{"start":{"line":11,"column":23},"end":{"line":11,"column":33}},"1":{"start":{"line":13,"column":24},"end":{"line":18,"column":5}},"2":{"start":{"line":14,"column":21},"end":{"line":14,"column":42}},"3":{"start":{"line":15,"column":8},"end":{"line":15,"column":45}},"4":{"start":{"line":15,"column":23},"end":{"line":15,"column":45}},"5":{"start":{"line":16,"column":8},"end":{"line":16,"column":47}},"6":{"start":{"line":16,"column":23},"end":{"line":16,"column":47}},"7":{"start":{"line":17,"column":8},"end":{"line":17,"column":30}},"8":{"start":{"line":20,"column":4},"end":{"line":52,"column":6}},"9":{"start":{"line":55,"column":15},"end":{"line":79,"column":2}}},"fnMap":{"0":{"name":"HeaderGreeting","decl":{"start":{"line":10,"column":16},"end":{"line":10,"column":30}},"loc":{"start":{"line":10,"column":75},"end":{"line":53,"column":1}},"line":10},"1":{"name":"(anonymous_1)","decl":{"start":{"line":13,"column":24},"end":{"line":13,"column":25}},"loc":{"start":{"line":13,"column":30},"end":{"line":18,"column":5}},"line":13}},"branchMap":{"0":{"loc":{"start":{"line":10,"column":33},"end":{"line":10,"column":50}},"type":"default-arg","locations":[{"start":{"line":10,"column":44},"end":{"line":10,"column":50}}],"line":10},"1":{"loc":{"start":{"line":15,"column":8},"end":{"line":15,"column":45}},"type":"if","locations":[{"start":{"line":15,"column":8},"end":{"line":15,"column":45}},{"start":{},"end":{}}],"line":15},"2":{"loc":{"start":{"line":16,"column":8},"end":{"line":16,"column":47}},"type":"if","locations":[{"start":{"line":16,"column":8},"end":{"line":16,"column":47}},{"start":{},"end":{}}],"line":16}},"s":{"0":5,"1":5,"2":5,"3":5,"4":1,"5":4,"6":1,"7":3,"8":5,"9":1},"f":{"0":5,"1":5},"b":{"0":[5],"1":[1,4],"2":[1,3]},"_coverageSchema":"1a1c01bbd47fc00a2c39e90264f33305004495a9","hash":"04cec07e2519c4599fa1a84dc07a1e2fae1d5ccc"}
,"/media/hailam/DATA/Undergraduate/HK-251/Mobile Application Development/Assignment/DeadTood-FE/components/home/StatsCard.tsx": {"path":"/media/hailam/DATA/Undergraduate/HK-251/Mobile Application Development/Assignment/DeadTood-FE/components/home/StatsCard.tsx","statementMap":{"0":{"start":{"line":24,"column":23},"end":{"line":24,"column":33}},"1":{"start":{"line":26,"column":4},"end":{"line":60,"column":6}},"2":{"start":{"line":63,"column":15},"end":{"line":96,"column":2}}},"fnMap":{"0":{"name":"StatsCard","decl":{"start":{"line":16,"column":16},"end":{"line":16,"column":25}},"loc":{"start":{"line":23,"column":19},"end":{"line":61,"column":1}},"line":23}},"branchMap":{"0":{"loc":{"start":{"line":31,"column":35},"end":{"line":31,"column":75}},"type":"binary-expr","locations":[{"start":{"line":31,"column":35},"end":{"line":31,"column":50}},{"start":{"line":31,"column":54},"end":{"line":31,"column":75}}],"line":31},"1":{"loc":{"start":{"line":40,"column":28},"end":{"line":40,"column":70}},"type":"binary-expr","locations":[{"start":{"line":40,"column":28},"end":{"line":40,"column":47}},{"start":{"line":40,"column":51},"end":{"line":40,"column":70}}],"line":40},"2":{"loc":{"start":{"line":48,"column":27},"end":{"line":48,"column":54}},"type":"binary-expr","locations":[{"start":{"line":48,"column":27},"end":{"line":48,"column":36}},{"start":{"line":48,"column":40},"end":{"line":48,"column":54}}],"line":48}},"s":{"0":4,"1":4,"2":1},"f":{"0":4},"b":{"0":[4,3],"1":[4,3],"2":[4,3]},"_coverageSchema":"1a1c01bbd47fc00a2c39e90264f33305004495a9","hash":"cb25c524421a37cde103cc6db011a8ec5f0ae1be"}
,"/media/hailam/DATA/Undergraduate/HK-251/Mobile Application Development/Assignment/DeadTood-FE/components/tasks/TaskCard.tsx": {"path":"/media/hailam/DATA/Undergraduate/HK-251/Mobile Application Development/Assignment/DeadTood-FE/components/tasks/TaskCard.tsx","statementMap":{"0":{"start":{"line":13,"column":31},"end":{"line":29,"column":1}},"1":{"start":{"line":17,"column":4},"end":{"line":28,"column":5}},"2":{"start":{"line":19,"column":12},"end":{"line":19,"column":70}},"3":{"start":{"line":21,"column":12},"end":{"line":21,"column":62}},"4":{"start":{"line":23,"column":12},"end":{"line":23,"column":59}},"5":{"start":{"line":25,"column":12},"end":{"line":25,"column":80}},"6":{"start":{"line":27,"column":12},"end":{"line":27,"column":76}},"7":{"start":{"line":31,"column":32},"end":{"line":47,"column":1}},"8":{"start":{"line":35,"column":4},"end":{"line":46,"column":5}},"9":{"start":{"line":37,"column":12},"end":{"line":37,"column":60}},"10":{"start":{"line":39,"column":12},"end":{"line":39,"column":70}},"11":{"start":{"line":41,"column":12},"end":{"line":41,"column":66}},"12":{"start":{"line":43,"column":12},"end":{"line":43,"column":72}},"13":{"start":{"line":45,"column":12},"end":{"line":45,"column":69}},"14":{"start":{"line":49,"column":25},"end":{"line":60,"column":1}},"15":{"start":{"line":50,"column":4},"end":{"line":59,"column":5}},"16":{"start":{"line":52,"column":12},"end":{"line":52,"column":76}},"17":{"start":{"line":54,"column":12},"end":{"line":54,"column":80}},"18":{"start":{"line":56,"column":12},"end":{"line":56,"column":74}},"19":{"start":{"line":58,"column":12},"end":{"line":58,"column":74}},"20":{"start":{"line":62,"column":23},"end":{"line":73,"column":1}},"21":{"start":{"line":63,"column":4},"end":{"line":72,"column":5}},"22":{"start":{"line":65,"column":12},"end":{"line":65,"column":72}},"23":{"start":{"line":67,"column":12},"end":{"line":67,"column":76}},"24":{"start":{"line":69,"column":12},"end":{"line":69,"column":74}},"25":{"start":{"line":71,"column":12},"end":{"line":71,"column":80}},"26":{"start":{"line":75,"column":19},"end":{"line":92,"column":1}},"27":{"start":{"line":76,"column":14},"end":{"line":76,"column":28}},"28":{"start":{"line":77,"column":19},"end":{"line":90,"column":5}},"29":{"start":{"line":91,"column":4},"end":{"line":91,"column":52}},"30":{"start":{"line":95,"column":23},"end":{"line":95,"column":33}},"31":{"start":{"line":96,"column":26},"end":{"line":96,"column":65}},"32":{"start":{"line":97,"column":24},"end":{"line":97,"column":59}},"33":{"start":{"line":99,"column":28},"end":{"line":110,"column":5}},"34":{"start":{"line":100,"column":8},"end":{"line":109,"column":9}},"35":{"start":{"line":102,"column":16},"end":{"line":102,"column":28}},"36":{"start":{"line":104,"column":16},"end":{"line":104,"column":28}},"37":{"start":{"line":106,"column":16},"end":{"line":106,"column":28}},"38":{"start":{"line":108,"column":16},"end":{"line":108,"column":27}},"39":{"start":{"line":112,"column":4},"end":{"line":204,"column":6}},"40":{"start":{"line":207,"column":15},"end":{"line":288,"column":2}}},"fnMap":{"0":{"name":"(anonymous_0)","decl":{"start":{"line":13,"column":31},"end":{"line":13,"column":32}},"loc":{"start":{"line":16,"column":76},"end":{"line":29,"column":1}},"line":16},"1":{"name":"(anonymous_1)","decl":{"start":{"line":31,"column":32},"end":{"line":31,"column":33}},"loc":{"start":{"line":34,"column":5},"end":{"line":47,"column":1}},"line":34},"2":{"name":"(anonymous_2)","decl":{"start":{"line":49,"column":25},"end":{"line":49,"column":26}},"loc":{"start":{"line":49,"column":78},"end":{"line":60,"column":1}},"line":49},"3":{"name":"(anonymous_3)","decl":{"start":{"line":62,"column":23},"end":{"line":62,"column":24}},"loc":{"start":{"line":62,"column":72},"end":{"line":73,"column":1}},"line":62},"4":{"name":"(anonymous_4)","decl":{"start":{"line":75,"column":19},"end":{"line":75,"column":20}},"loc":{"start":{"line":75,"column":35},"end":{"line":92,"column":1}},"line":75},"5":{"name":"TaskCard","decl":{"start":{"line":94,"column":16},"end":{"line":94,"column":24}},"loc":{"start":{"line":94,"column":59},"end":{"line":205,"column":1}},"line":94},"6":{"name":"(anonymous_6)","decl":{"start":{"line":99,"column":28},"end":{"line":99,"column":29}},"loc":{"start":{"line":99,"column":60},"end":{"line":110,"column":5}},"line":99}},"branchMap":{"0":{"loc":{"start":{"line":17,"column":4},"end":{"line":28,"column":5}},"type":"switch","locations":[{"start":{"line":18,"column":8},"end":{"line":19,"column":70}},{"start":{"line":20,"column":8},"end":{"line":21,"column":62}},{"start":{"line":22,"column":8},"end":{"line":23,"column":59}},{"start":{"line":24,"column":8},"end":{"line":25,"column":80}},{"start":{"line":26,"column":8},"end":{"line":27,"column":76}}],"line":17},"1":{"loc":{"start":{"line":35,"column":4},"end":{"line":46,"column":5}},"type":"switch","locations":[{"start":{"line":36,"column":8},"end":{"line":37,"column":60}},{"start":{"line":38,"column":8},"end":{"line":39,"column":70}},{"start":{"line":40,"column":8},"end":{"line":41,"column":66}},{"start":{"line":42,"column":8},"end":{"line":43,"column":72}},{"start":{"line":44,"column":8},"end":{"line":45,"column":69}}],"line":35},"2":{"loc":{"start":{"line":50,"column":4},"end":{"line":59,"column":5}},"type":"switch","locations":[{"start":{"line":51,"column":8},"end":{"line":52,"column":76}},{"start":{"line":53,"column":8},"end":{"line":54,"column":80}},{"start":{"line":55,"column":8},"end":{"line":56,"column":74}},{"start":{"line":57,"column":8},"end":{"line":58,"column":74}}],"line":50},"3":{"loc":{"start":{"line":63,"column":4},"end":{"line":72,"column":5}},"type":"switch","locations":[{"start":{"line":64,"column":8},"end":{"line":65,"column":72}},{"start":{"line":66,"column":8},"end":{"line":67,"column":76}},{"start":{"line":68,"column":8},"end":{"line":69,"column":74}},{"start":{"line":70,"column":8},"end":{"line":71,"column":80}}],"line":63},"4":{"loc":{"start":{"line":100,"column":8},"end":{"line":109,"column":9}},"type":"switch","locations":[{"start":{"line":101,"column":12},"end":{"line":102,"column":28}},{"start":{"line":103,"column":12},"end":{"line":104,"column":28}},{"start":{"line":105,"column":12},"end":{"line":106,"column":28}},{"start":{"line":107,"column":12},"end":{"line":108,"column":27}}],"line":100}},"s":{"0":1,"1":5,"2":1,"3":1,"4":1,"5":1,"6":1,"7":1,"8":5,"9":1,"10":1,"11":1,"12":1,"13":1,"14":1,"15":10,"16":7,"17":1,"18":1,"19":1,"20":1,"21":10,"22":7,"23":1,"24":1,"25":1,"26":1,"27":10,"28":10,"29":10,"30":10,"31":10,"32":10,"33":10,"34":10,"35":7,"36":1,"37":1,"38":1,"39":10,"40":1},"f":{"0":5,"1":5,"2":10,"3":10,"4":10,"5":10,"6":10},"b":{"0":[1,1,1,1,1],"1":[1,1,1,1,1],"2":[7,1,1,1],"3":[7,1,1,1],"4":[7,1,1,1]},"_coverageSchema":"1a1c01bbd47fc00a2c39e90264f33305004495a9","hash":"a8a06d9e2b3b48e13d93577f0043a0b6447ed5ad"}
,"/media/hailam/DATA/Undergraduate/HK-251/Mobile Application Development/Assignment/DeadTood-FE/components/ui/collapsible.tsx": {"path":"/media/hailam/DATA/Undergraduate/HK-251/Mobile Application Development/Assignment/DeadTood-FE/components/ui/collapsible.tsx","statementMap":{"0":{"start":{"line":11,"column":30},"end":{"line":11,"column":45}},"1":{"start":{"line":12,"column":16},"end":{"line":12,"column":43}},"2":{"start":{"line":14,"column":2},"end":{"line":32,"column":4}},"3":{"start":{"line":18,"column":23},"end":{"line":18,"column":51}},"4":{"start":{"line":18,"column":44},"end":{"line":18,"column":50}},"5":{"start":{"line":35,"column":15},"end":{"line":45,"column":2}}},"fnMap":{"0":{"name":"Collapsible","decl":{"start":{"line":10,"column":16},"end":{"line":10,"column":27}},"loc":{"start":{"line":10,"column":88},"end":{"line":33,"column":1}},"line":10},"1":{"name":"(anonymous_1)","decl":{"start":{"line":18,"column":17},"end":{"line":18,"column":18}},"loc":{"start":{"line":18,"column":23},"end":{"line":18,"column":51}},"line":18},"2":{"name":"(anonymous_2)","decl":{"start":{"line":18,"column":33},"end":{"line":18,"column":34}},"loc":{"start":{"line":18,"column":44},"end":{"line":18,"column":50}},"line":18}},"branchMap":{"0":{"loc":{"start":{"line":12,"column":16},"end":{"line":12,"column":43}},"type":"binary-expr","locations":[{"start":{"line":12,"column":16},"end":{"line":12,"column":32}},{"start":{"line":12,"column":36},"end":{"line":12,"column":43}}],"line":12},"1":{"loc":{"start":{"line":24,"column":17},"end":{"line":24,"column":73}},"type":"cond-expr","locations":[{"start":{"line":24,"column":37},"end":{"line":24,"column":54}},{"start":{"line":24,"column":57},"end":{"line":24,"column":73}}],"line":24},"2":{"loc":{"start":{"line":25,"column":41},"end":{"line":25,"column":66}},"type":"cond-expr","locations":[{"start":{"line":25,"column":50},"end":{"line":25,"column":57}},{"start":{"line":25,"column":60},"end":{"line":25,"column":66}}],"line":25},"3":{"loc":{"start":{"line":30,"column":7},"end":{"line":30,"column":75}},"type":"binary-expr","locations":[{"start":{"line":30,"column":7},"end":{"line":30,"column":13}},{"start":{"line":30,"column":17},"end":{"line":30,"column":75}}],"line":30}},"s":{"0":11,"1":11,"2":11,"3":4,"4":4,"5":1},"f":{"0":11,"1":4,"2":4},"b":{"0":[11,1],"1":[10,1],"2":[3,8],"3":[11,3]},"_coverageSchema":"1a1c01bbd47fc00a2c39e90264f33305004495a9","hash":"7319f62c0c5cb42201853adbfa18f15ae3584d7c"}
,"/media/hailam/DATA/Undergraduate/HK-251/Mobile Application Development/Assignment/DeadTood-FE/components/ui/icon-symbol.ios.tsx": {"path":"/media/hailam/DATA/Undergraduate/HK-251/Mobile Application Development/Assignment/DeadTood-FE/components/ui/icon-symbol.ios.tsx","statementMap":{"0":{"start":{"line":17,"column":2},"end":{"line":31,"column":4}}},"fnMap":{"0":{"name":"IconSymbol","decl":{"start":{"line":4,"column":16},"end":{"line":4,"column":26}},"loc":{"start":{"line":16,"column":3},"end":{"line":32,"column":1}},"line":16}},"branchMap":{"0":{"loc":{"start":{"line":6,"column":2},"end":{"line":6,"column":11}},"type":"default-arg","locations":[{"start":{"line":6,"column":9},"end":{"line":6,"column":11}}],"line":6},"1":{"loc":{"start":{"line":9,"column":2},"end":{"line":9,"column":20}},"type":"default-arg","locations":[{"start":{"line":9,"column":11},"end":{"line":9,"column":20}}],"line":9}},"s":{"0":4},"f":{"0":4},"b":{"0":[3],"1":[3]},"_coverageSchema":"1a1c01bbd47fc00a2c39e90264f33305004495a9","hash":"e2a4768685ddac607ab8d0db74ddf33336d3a851"}
,"/media/hailam/DATA/Undergraduate/HK-251/Mobile Application Development/Assignment/DeadTood-FE/components/ui/icon-symbol.tsx": {"path":"/media/hailam/DATA/Undergraduate/HK-251/Mobile Application Development/Assignment/DeadTood-FE/components/ui/icon-symbol.tsx","statementMap":{"0":{"start":{"line":19,"column":16},"end":{"line":24,"column":16}},"1":{"start":{"line":43,"column":4},"end":{"line":51,"column":6}}},"fnMap":{"0":{"name":"IconSymbol","decl":{"start":{"line":31,"column":16},"end":{"line":31,"column":26}},"loc":{"start":{"line":42,"column":3},"end":{"line":52,"column":1}},"line":42}},"branchMap":{"0":{"loc":{"start":{"line":33,"column":4},"end":{"line":33,"column":13}},"type":"default-arg","locations":[{"start":{"line":33,"column":11},"end":{"line":33,"column":13}}],"line":33}},"s":{"0":0,"1":0},"f":{"0":0},"b":{"0":[0]}}
}
