TN:
SF:app/_layout.tsx
FN:23,RootLayoutNav
FN:80,RootLayout
FNF:2
FNH:2
FNDA:3,RootLayoutNav
FNDA:3,RootLayout
DA:19,1
DA:24,3
DA:25,3
DA:26,3
DA:28,3
DA:30,3
DA:31,0
DA:45,3
DA:81,3
LF:9
LH:8
BRDA:30,0,0,0
BRDA:30,0,1,3
BRDA:46,1,0,1
BRDA:46,1,1,2
BRDA:75,2,0,1
BRDA:75,2,1,2
BRF:6
BRH:5
end_of_record
TN:
SF:app/login.tsx
FN:25,LoginScreen
FN:35,(anonymous_1)
FN:71,(anonymous_2)
FN:142,(anonymous_3)
FNF:4
FNH:4
FNDA:18,LoginScreen
FNDA:3,(anonymous_1)
FNDA:1,(anonymous_2)
FNDA:1,(anonymous_3)
DA:23,1
DA:26,18
DA:27,18
DA:30,18
DA:31,18
DA:32,18
DA:33,18
DA:35,18
DA:36,3
DA:37,1
DA:38,1
DA:41,2
DA:42,2
DA:43,2
DA:46,1
DA:48,1
DA:51,1
DA:53,2
DA:57,18
DA:72,1
DA:143,1
DA:210,1
LF:22
LH:22
BRDA:36,0,0,1
BRDA:36,0,1,2
BRDA:36,1,0,3
BRDA:36,1,1,2
BRDA:48,2,0,1
BRDA:48,2,1,1
BRDA:48,2,2,0
BRDA:64,3,0,18
BRDA:64,3,1,0
BRDA:150,4,0,1
BRDA:150,4,1,17
BRDA:173,5,0,2
BRDA:173,5,1,16
BRF:13
BRH:11
end_of_record
TN:
SF:app/modal.tsx
FN:25,AddTaskModal
FN:58,(anonymous_1)
FN:72,(anonymous_2)
FN:73,(anonymous_3)
FN:74,(anonymous_4)
FN:76,(anonymous_5)
FN:81,(anonymous_6)
FN:86,(anonymous_7)
FN:93,(anonymous_8)
FN:99,(anonymous_9)
FN:103,(anonymous_10)
FN:138,(anonymous_11)
FN:184,(anonymous_12)
FN:189,(anonymous_13)
FN:214,(anonymous_14)
FN:222,(anonymous_15)
FN:281,(anonymous_16)
FN:329,(anonymous_17)
FN:343,(anonymous_18)
FN:365,(anonymous_19)
FN:380,(anonymous_20)
FN:413,(anonymous_21)
FN:450,(anonymous_22)
FN:455,(anonymous_23)
FN:459,(anonymous_24)
FN:481,(anonymous_25)
FN:496,(anonymous_26)
FN:501,(anonymous_27)
FN:505,(anonymous_28)
FN:526,(anonymous_29)
FN:537,(anonymous_30)
FN:542,(anonymous_31)
FN:556,(anonymous_32)
FN:561,(anonymous_33)
FN:572,(anonymous_34)
FN:577,(anonymous_35)
FN:588,(anonymous_36)
FN:593,(anonymous_37)
FNF:38
FNH:20
FNDA:13,AddTaskModal
FNDA:26,(anonymous_1)
FNDA:25,(anonymous_2)
FNDA:26,(anonymous_3)
FNDA:13,(anonymous_4)
FNDA:13,(anonymous_5)
FNDA:13,(anonymous_6)
FNDA:1,(anonymous_7)
FNDA:0,(anonymous_8)
FNDA:1,(anonymous_9)
FNDA:0,(anonymous_10)
FNDA:3,(anonymous_11)
FNDA:0,(anonymous_12)
FNDA:52,(anonymous_13)
FNDA:143,(anonymous_14)
FNDA:2,(anonymous_15)
FNDA:2,(anonymous_16)
FNDA:1,(anonymous_17)
FNDA:0,(anonymous_18)
FNDA:0,(anonymous_19)
FNDA:0,(anonymous_20)
FNDA:0,(anonymous_21)
FNDA:0,(anonymous_22)
FNDA:0,(anonymous_23)
FNDA:0,(anonymous_24)
FNDA:0,(anonymous_25)
FNDA:0,(anonymous_26)
FNDA:0,(anonymous_27)
FNDA:0,(anonymous_28)
FNDA:0,(anonymous_29)
FNDA:2,(anonymous_30)
FNDA:26,(anonymous_31)
FNDA:0,(anonymous_32)
FNDA:39,(anonymous_33)
FNDA:0,(anonymous_34)
FNDA:39,(anonymous_35)
FNDA:0,(anonymous_36)
FNDA:39,(anonymous_37)
DA:26,13
DA:27,13
DA:28,13
DA:29,13
DA:32,13
DA:33,13
DA:34,13
DA:35,13
DA:36,13
DA:37,13
DA:38,13
DA:39,13
DA:40,13
DA:43,13
DA:44,13
DA:45,13
DA:46,13
DA:47,13
DA:48,13
DA:50,13
DA:53,13
DA:58,26
DA:60,13
DA:66,13
DA:72,25
DA:73,26
DA:74,13
DA:76,13
DA:77,13
DA:78,1
DA:81,13
DA:82,13
DA:83,0
DA:86,13
DA:88,1
DA:89,1
DA:93,13
DA:94,0
DA:95,0
DA:99,13
DA:100,1
DA:103,13
DA:104,0
DA:106,0
DA:107,0
DA:110,0
DA:111,0
DA:112,0
DA:116,0
DA:119,0
DA:120,0
DA:132,0
DA:134,0
DA:138,13
DA:139,3
DA:140,1
DA:141,1
DA:143,2
DA:144,1
DA:145,1
DA:147,1
DA:148,0
DA:149,0
DA:153,1
DA:154,1
DA:155,1
DA:157,1
DA:158,0
DA:160,1
DA:161,1
DA:163,1
DA:165,1
DA:175,1
DA:177,1
DA:178,0
DA:180,1
DA:184,13
DA:185,0
DA:189,13
DA:206,52
DA:215,143
DA:223,2
DA:224,2
DA:235,13
DA:281,2
DA:329,1
DA:343,0
DA:365,0
DA:380,0
DA:413,0
DA:450,0
DA:455,0
DA:459,0
DA:482,0
DA:483,0
DA:496,0
DA:501,0
DA:505,0
DA:527,0
DA:528,0
DA:537,2
DA:543,26
DA:556,0
DA:562,39
DA:572,0
DA:578,39
DA:588,0
DA:594,39
DA:604,1
LF:109
LH:73
BRDA:50,0,0,13
BRDA:50,0,1,0
BRDA:77,1,0,12
BRDA:77,1,1,1
BRDA:82,2,0,13
BRDA:82,2,1,0
BRDA:88,3,0,1
BRDA:88,3,1,0
BRDA:94,4,0,0
BRDA:94,4,1,0
BRDA:104,5,0,0
BRDA:104,5,1,0
BRDA:110,6,0,0
BRDA:110,6,1,0
BRDA:139,7,0,1
BRDA:139,7,1,2
BRDA:143,8,0,1
BRDA:143,8,1,1
BRDA:147,9,0,0
BRDA:147,9,1,1
BRDA:157,10,0,0
BRDA:157,10,1,1
BRDA:171,11,0,0
BRDA:171,11,1,1
BRDA:175,12,0,1
BRDA:175,12,1,0
BRDA:177,13,0,0
BRDA:177,13,1,1
BRDA:216,14,0,143
BRDA:216,14,1,26
BRDA:220,15,0,143
BRDA:220,15,1,43
BRDA:220,16,0,143
BRDA:220,16,1,26
BRDA:223,17,0,2
BRDA:223,17,1,2
BRDA:227,18,0,143
BRDA:227,18,1,26
BRDA:239,19,0,13
BRDA:239,19,1,0
BRDA:285,20,0,4
BRDA:285,20,1,9
BRDA:287,21,0,13
BRDA:287,21,1,9
BRDA:332,22,0,1
BRDA:332,22,1,12
BRDA:346,23,0,0
BRDA:346,23,1,13
BRDA:410,24,0,13
BRDA:410,24,1,0
BRDA:438,25,0,0
BRDA:438,25,1,13
BRDA:445,26,0,13
BRDA:445,26,1,0
BRDA:464,27,0,13
BRDA:464,27,1,12
BRDA:470,28,0,0
BRDA:470,28,1,13
BRDA:476,29,0,0
BRDA:476,29,1,0
BRDA:478,30,0,0
BRDA:478,30,1,0
BRDA:483,31,0,0
BRDA:483,31,1,0
BRDA:491,32,0,13
BRDA:491,32,1,0
BRDA:510,33,0,13
BRDA:510,33,1,13
BRDA:515,34,0,0
BRDA:515,34,1,13
BRDA:521,35,0,0
BRDA:521,35,1,0
BRDA:523,36,0,0
BRDA:523,36,1,0
BRDA:528,37,0,0
BRDA:528,37,1,0
BRF:76
BRH:42
end_of_record
TN:
SF:app/onboarding.tsx
FN:66,(anonymous_0)
FN:105,(anonymous_1)
FN:108,(anonymous_2)
FN:129,OnboardingScreen
FN:136,(anonymous_4)
FN:145,(anonymous_5)
FN:150,(anonymous_6)
FN:165,(anonymous_7)
FN:172,(anonymous_8)
FNF:9
FNH:8
FNDA:12,(anonymous_0)
FNDA:3,(anonymous_1)
FNDA:12,(anonymous_2)
FNDA:3,OnboardingScreen
FNDA:0,(anonymous_4)
FNDA:1,(anonymous_5)
FNDA:1,(anonymous_6)
FNDA:12,(anonymous_7)
FNDA:15,(anonymous_8)
DA:16,1
DA:18,1
DA:66,1
DA:67,12
DA:105,1
DA:106,3
DA:109,12
DA:110,12
DA:130,3
DA:131,3
DA:132,3
DA:133,3
DA:135,3
DA:137,0
DA:138,0
DA:143,3
DA:145,3
DA:146,1
DA:147,1
DA:150,3
DA:151,1
DA:152,1
DA:154,0
DA:158,3
DA:166,12
DA:172,15
DA:223,1
LF:27
LH:24
BRDA:69,0,0,12
BRDA:69,0,1,9
BRDA:116,1,0,3
BRDA:116,1,1,9
BRDA:119,2,0,3
BRDA:119,2,1,9
BRDA:137,3,0,0
BRDA:137,3,1,0
BRDA:137,4,0,0
BRDA:137,4,1,0
BRDA:151,5,0,1
BRDA:151,5,1,0
BRDA:185,6,0,0
BRDA:185,6,1,3
BRDA:189,7,0,0
BRDA:189,7,1,3
BRDA:204,8,0,3
BRDA:204,8,1,0
BRF:18
BRH:10
end_of_record
TN:
SF:app/profile.tsx
FN:28,ProfileScreen
FN:46,(anonymous_1)
FN:50,(anonymous_2)
FN:55,(anonymous_3)
FN:61,(anonymous_4)
FN:66,(anonymous_5)
FN:70,(anonymous_6)
FN:79,(anonymous_7)
FN:92,(anonymous_8)
FN:109,(anonymous_9)
FN:146,(anonymous_10)
FNF:11
FNH:10
FNDA:11,ProfileScreen
FNDA:1,(anonymous_1)
FNDA:2,(anonymous_2)
FNDA:1,(anonymous_3)
FNDA:1,(anonymous_4)
FNDA:0,(anonymous_5)
FNDA:1,(anonymous_6)
FNDA:1,(anonymous_7)
FNDA:66,(anonymous_8)
FNDA:2,(anonymous_9)
FNDA:22,(anonymous_10)
DA:29,11
DA:30,11
DA:31,11
DA:33,11
DA:34,11
DA:44,11
DA:46,11
DA:47,1
DA:50,11
DA:51,2
DA:52,2
DA:55,11
DA:56,1
DA:57,1
DA:58,1
DA:61,11
DA:62,1
DA:63,1
DA:66,11
DA:67,0
DA:70,11
DA:71,1
DA:80,1
DA:81,1
DA:84,0
DA:92,11
DA:99,66
DA:109,2
DA:119,11
DA:146,22
DA:243,1
LF:31
LH:29
BRDA:35,0,0,11
BRDA:35,0,1,0
BRDA:36,1,0,11
BRDA:36,1,1,0
BRDA:41,2,0,11
BRDA:41,2,1,11
BRDA:97,3,0,33
BRDA:105,4,0,12
BRDA:105,4,1,54
BRDA:105,5,0,66
BRDA:105,5,1,24
BRDA:129,6,0,7
BRDA:129,6,1,4
BRDA:141,7,0,0
BRDA:141,7,1,11
BRDA:207,8,0,11
BRDA:207,8,1,4
BRDA:225,9,0,11
BRDA:225,9,1,7
BRF:19
BRH:16
end_of_record
TN:
SF:app/register.tsx
FN:23,RegisterScreen
FN:34,(anonymous_1)
FN:72,(anonymous_2)
FN:143,(anonymous_3)
FN:200,(anonymous_4)
FNF:5
FNH:5
FNDA:22,RegisterScreen
FNDA:4,(anonymous_1)
FNDA:1,(anonymous_2)
FNDA:1,(anonymous_3)
FNDA:1,(anonymous_4)
DA:21,1
DA:24,22
DA:25,22
DA:28,22
DA:29,22
DA:30,22
DA:31,22
DA:32,22
DA:34,22
DA:35,4
DA:36,1
DA:37,1
DA:40,3
DA:41,1
DA:42,1
DA:45,2
DA:46,2
DA:47,2
DA:48,1
DA:50,1
DA:51,1
DA:56,2
DA:60,22
DA:73,1
DA:144,1
DA:200,1
DA:220,1
LF:27
LH:27
BRDA:35,0,0,1
BRDA:35,0,1,3
BRDA:35,1,0,4
BRDA:35,1,1,3
BRDA:35,1,2,3
BRDA:40,2,0,1
BRDA:40,2,1,2
BRDA:53,3,0,1
BRDA:53,3,1,0
BRDA:65,4,0,22
BRDA:65,4,1,0
BRDA:149,5,0,1
BRDA:149,5,1,21
BRDA:184,6,0,2
BRDA:184,6,1,20
BRF:15
BRH:13
end_of_record
TN:
SF:app/splash.tsx
FN:8,SplashScreen
FN:15,(anonymous_1)
FN:32,(anonymous_2)
FN:42,(anonymous_3)
FNF:4
FNH:4
FNDA:4,SplashScreen
FNDA:4,(anonymous_1)
FNDA:3,(anonymous_2)
FNDA:4,(anonymous_3)
DA:9,4
DA:10,4
DA:11,4
DA:12,4
DA:13,4
DA:15,4
DA:17,4
DA:32,4
DA:33,3
DA:34,2
DA:35,1
DA:37,1
DA:42,4
DA:45,4
DA:68,1
LF:15
LH:15
BRDA:33,0,0,2
BRDA:33,0,1,1
BRDA:34,1,0,1
BRDA:34,1,1,1
BRF:4
BRH:4
end_of_record
TN:
SF:app/welcome.tsx
FN:17,WelcomeScreen
FNF:1
FNH:1
FNDA:4,WelcomeScreen
DA:15,1
DA:18,4
DA:90,1
LF:3
LH:3
BRF:0
BRH:0
end_of_record
TN:
SF:app/(tabs)/_layout.tsx
FN:10,TabIcon
FN:27,AddTaskButton
FN:35,(anonymous_2)
FN:44,TabLayout
FN:61,(anonymous_4)
FN:68,(anonymous_5)
FN:76,(anonymous_6)
FN:79,(anonymous_7)
FN:88,(anonymous_8)
FN:95,(anonymous_9)
FNF:10
FNH:9
FNDA:56,TabIcon
FNDA:7,AddTaskButton
FNDA:1,(anonymous_2)
FNDA:7,TabLayout
FNDA:14,(anonymous_4)
FNDA:14,(anonymous_5)
FNDA:7,(anonymous_6)
FNDA:0,(anonymous_7)
FNDA:14,(anonymous_8)
FNDA:14,(anonymous_9)
DA:11,56
DA:12,56
DA:19,56
DA:28,7
DA:29,7
DA:31,7
DA:35,1
DA:45,7
DA:47,7
DA:61,14
DA:68,14
DA:76,7
DA:80,0
DA:88,14
DA:95,14
DA:109,1
LF:16
LH:15
BRDA:13,0,0,28
BRDA:13,0,1,28
BRDA:14,1,0,28
BRDA:14,1,1,28
BRDA:15,2,0,28
BRDA:15,2,1,28
BRDA:16,3,0,28
BRDA:16,3,1,28
BRDA:20,4,0,56
BRDA:20,4,1,28
BRDA:21,5,0,56
BRDA:21,5,1,0
BRF:12
BRH:11
end_of_record
TN:
SF:app/(tabs)/add-task.tsx
FN:3,AddTaskPlaceholder
FNF:1
FNH:1
FNDA:1,AddTaskPlaceholder
DA:4,1
LF:1
LH:1
BRF:0
BRH:0
end_of_record
TN:
SF:app/(tabs)/courses.tsx
FN:11,CoursesScreen
FN:18,(anonymous_1)
FN:27,(anonymous_2)
FN:31,(anonymous_3)
FN:105,(anonymous_4)
FN:109,(anonymous_5)
FNF:6
FNH:6
FNDA:7,CoursesScreen
FNDA:7,(anonymous_1)
FNDA:1,(anonymous_2)
FNDA:1,(anonymous_3)
FNDA:3,(anonymous_4)
FNDA:1,(anonymous_5)
DA:12,7
DA:13,7
DA:14,7
DA:15,7
DA:17,7
DA:19,7
DA:20,7
DA:24,7
DA:25,7
DA:27,7
DA:28,1
DA:31,7
DA:32,1
DA:35,7
DA:36,1
DA:46,6
DA:47,1
DA:58,5
DA:106,3
DA:109,1
DA:130,1
LF:21
LH:21
BRDA:24,0,0,7
BRDA:24,0,1,2
BRDA:25,1,0,7
BRDA:25,1,1,6
BRDA:35,2,0,1
BRDA:35,2,1,6
BRDA:46,3,0,1
BRDA:46,3,1,5
BRDA:91,4,0,5
BRDA:91,4,1,0
BRDA:113,5,0,5
BRDA:113,5,1,3
BRF:12
BRH:11
end_of_record
TN:
SF:app/(tabs)/index.tsx
FN:12,HomeScreen
FN:18,(anonymous_1)
FN:23,(anonymous_2)
FN:88,(anonymous_3)
FN:92,(anonymous_4)
FNF:5
FNH:5
FNDA:6,HomeScreen
FNDA:6,(anonymous_1)
FNDA:1,(anonymous_2)
FNDA:8,(anonymous_3)
FNDA:1,(anonymous_4)
DA:13,6
DA:14,6
DA:15,6
DA:17,6
DA:19,6
DA:23,6
DA:24,1
DA:27,6
DA:28,1
DA:37,5
DA:38,1
DA:47,4
DA:48,4
DA:50,4
DA:89,8
DA:92,1
DA:101,1
LF:17
LH:17
BRDA:27,0,0,1
BRDA:27,0,1,5
BRDA:37,1,0,1
BRDA:37,1,1,4
BRDA:48,2,0,4
BRDA:48,2,1,0
BRDA:67,3,0,4
BRDA:67,3,1,0
BRDA:74,4,0,4
BRDA:74,4,1,0
BRF:10
BRH:7
end_of_record
TN:
SF:app/(tabs)/settings.tsx
FN:30,SettingItem
FN:95,SettingsScreen
FN:101,(anonymous_2)
FN:107,(anonymous_3)
FN:115,(anonymous_4)
FN:126,(anonymous_5)
FN:170,(anonymous_6)
FN:242,(anonymous_7)
FN:250,(anonymous_8)
FN:257,(anonymous_9)
FN:283,(anonymous_10)
FN:290,(anonymous_11)
FN:298,(anonymous_12)
FNF:13
FNH:7
FNDA:60,SettingItem
FNDA:6,SettingsScreen
FNDA:1,(anonymous_2)
FNDA:1,(anonymous_3)
FNDA:6,(anonymous_4)
FNDA:1,(anonymous_5)
FNDA:1,(anonymous_6)
FNDA:0,(anonymous_7)
FNDA:0,(anonymous_8)
FNDA:0,(anonymous_9)
FNDA:0,(anonymous_10)
FNDA:0,(anonymous_11)
FNDA:0,(anonymous_12)
DA:41,60
DA:96,6
DA:97,6
DA:98,6
DA:99,6
DA:101,6
DA:102,1
DA:108,1
DA:115,6
DA:116,6
DA:118,6
DA:120,0
DA:122,0
DA:126,6
DA:127,1
DA:128,1
DA:129,1
DA:130,1
DA:133,6
DA:170,1
DA:242,0
DA:250,0
DA:257,0
DA:283,0
DA:290,0
DA:298,0
DA:327,1
LF:27
LH:19
BRDA:57,0,0,60
BRDA:57,0,1,0
BRDA:66,1,0,60
BRDA:66,1,1,30
BRDA:77,2,0,12
BRDA:77,2,1,48
BRDA:116,3,0,6
BRDA:116,3,1,0
BRDA:116,3,2,0
BRF:9
BRH:6
end_of_record
TN:
SF:app/(tabs)/tasks.tsx
FN:14,TasksScreen
FN:21,(anonymous_1)
FN:35,(anonymous_2)
FN:37,(anonymous_3)
FN:82,(anonymous_4)
FN:90,(anonymous_5)
FN:113,(anonymous_6)
FN:117,(anonymous_7)
FNF:8
FNH:8
FNDA:9,TasksScreen
FNDA:9,(anonymous_1)
FNDA:9,(anonymous_2)
FNDA:6,(anonymous_3)
FNDA:28,(anonymous_4)
FNDA:3,(anonymous_5)
FNDA:14,(anonymous_6)
FNDA:1,(anonymous_7)
DA:15,9
DA:16,9
DA:17,9
DA:18,9
DA:20,9
DA:22,9
DA:26,9
DA:33,9
DA:35,9
DA:36,9
DA:37,6
DA:40,9
DA:41,1
DA:51,8
DA:52,1
DA:63,7
DA:83,28
DA:90,3
DA:114,14
DA:117,1
DA:133,1
LF:21
LH:21
BRDA:33,0,0,9
BRDA:33,0,1,2
BRDA:36,1,0,7
BRDA:36,1,1,2
BRDA:40,2,0,1
BRDA:40,2,1,8
BRDA:51,3,0,1
BRDA:51,3,1,7
BRDA:88,4,0,28
BRDA:88,4,1,7
BRDA:92,5,0,28
BRDA:92,5,1,21
BRDA:99,6,0,28
BRDA:99,6,1,7
BRDA:121,7,0,7
BRDA:121,7,1,1
BRF:16
BRH:16
end_of_record
TN:
SF:app/course/[id].tsx
FN:19,CourseTaskCard
FN:22,(anonymous_1)
FN:31,(anonymous_2)
FN:40,(anonymous_3)
FN:53,(anonymous_4)
FN:104,CourseDetailScreen
FN:114,(anonymous_6)
FN:115,(anonymous_7)
FN:117,(anonymous_8)
FN:121,(anonymous_9)
FN:230,(anonymous_10)
FN:234,(anonymous_11)
FNF:12
FNH:12
FNDA:10,CourseTaskCard
FNDA:10,(anonymous_1)
FNDA:10,(anonymous_2)
FNDA:10,(anonymous_3)
FNDA:10,(anonymous_4)
FNDA:8,CourseDetailScreen
FNDA:14,(anonymous_6)
FNDA:14,(anonymous_7)
FNDA:1,(anonymous_8)
FNDA:1,(anonymous_9)
FNDA:10,(anonymous_10)
FNDA:1,(anonymous_11)
DA:20,10
DA:22,10
DA:23,10
DA:24,5
DA:25,5
DA:26,0
DA:27,0
DA:31,10
DA:32,10
DA:33,5
DA:34,5
DA:35,0
DA:36,0
DA:40,10
DA:41,10
DA:43,5
DA:45,0
DA:47,5
DA:49,0
DA:53,10
DA:54,10
DA:55,10
DA:58,10
DA:60,10
DA:105,8
DA:106,8
DA:107,8
DA:109,8
DA:110,8
DA:112,8
DA:113,8
DA:114,14
DA:115,14
DA:117,8
DA:118,1
DA:121,8
DA:122,1
DA:125,8
DA:126,1
DA:135,7
DA:136,1
DA:148,6
DA:231,10
DA:234,1
DA:247,1
LF:45
LH:39
BRDA:23,0,0,5
BRDA:23,0,1,5
BRDA:23,0,2,0
BRDA:23,0,3,0
BRDA:32,1,0,5
BRDA:32,1,1,5
BRDA:32,1,2,0
BRDA:32,1,3,0
BRDA:41,2,0,5
BRDA:41,2,1,0
BRDA:41,2,2,5
BRDA:41,2,3,0
BRDA:112,3,0,8
BRDA:112,3,1,0
BRDA:125,4,0,1
BRDA:125,4,1,7
BRDA:125,5,0,8
BRDA:125,5,1,7
BRDA:135,6,0,1
BRDA:135,6,1,6
BRDA:221,7,0,1
BRDA:221,7,1,5
BRF:22
BRH:15
end_of_record
TN:
SF:app/course/create.tsx
FN:44,CreateCourseScreen
FN:55,(anonymous_1)
FN:73,(anonymous_2)
FN:83,(anonymous_3)
FN:156,(anonymous_4)
FN:169,(anonymous_5)
FNF:6
FNH:6
FNDA:14,CreateCourseScreen
FNDA:3,(anonymous_1)
FNDA:1,(anonymous_2)
FNDA:1,(anonymous_3)
FNDA:98,(anonymous_4)
FNDA:3,(anonymous_5)
DA:34,1
DA:45,14
DA:46,14
DA:47,14
DA:49,14
DA:50,14
DA:51,14
DA:52,14
DA:53,14
DA:55,14
DA:56,3
DA:57,1
DA:58,1
DA:61,2
DA:71,2
DA:72,1
DA:73,1
DA:76,1
DA:80,14
DA:83,1
DA:157,98
DA:158,98
DA:169,3
DA:211,1
LF:24
LH:24
BRDA:56,0,0,1
BRDA:56,0,1,2
BRDA:56,1,0,3
BRDA:56,1,1,2
BRDA:56,1,2,2
BRDA:71,2,0,1
BRDA:71,2,1,1
BRDA:90,3,0,14
BRDA:90,3,1,0
BRDA:110,4,0,0
BRDA:110,4,1,14
BRDA:121,5,0,0
BRDA:121,5,1,14
BRDA:132,6,0,0
BRDA:132,6,1,14
BRDA:142,7,0,0
BRDA:142,7,1,14
BRDA:164,8,0,3
BRDA:164,8,1,95
BRDA:165,9,0,3
BRDA:165,9,1,95
BRDA:171,10,0,3
BRDA:171,10,1,95
BRDA:171,11,0,0
BRDA:171,11,1,95
BRDA:175,12,0,3
BRDA:175,12,1,95
BRDA:180,13,0,3
BRDA:180,13,1,95
BRDA:180,14,0,3
BRDA:180,14,1,95
BRDA:193,15,0,0
BRDA:193,15,1,14
BRDA:197,16,0,0
BRDA:197,16,1,14
BRF:35
BRH:27
end_of_record
TN:
SF:app/task/[id].tsx
FN:19,TaskDetailScreen
FN:32,(anonymous_1)
FN:36,(anonymous_2)
FN:46,(anonymous_3)
FN:55,(anonymous_4)
FN:66,(anonymous_5)
FN:75,(anonymous_6)
FN:88,(anonymous_7)
FN:101,(anonymous_8)
FN:106,(anonymous_9)
FNF:10
FNH:9
FNDA:6,TaskDetailScreen
FNDA:1,(anonymous_1)
FNDA:1,(anonymous_2)
FNDA:1,(anonymous_3)
FNDA:1,(anonymous_4)
FNDA:1,(anonymous_5)
FNDA:4,(anonymous_6)
FNDA:4,(anonymous_7)
FNDA:4,(anonymous_8)
FNDA:0,(anonymous_9)
DA:20,6
DA:21,6
DA:22,6
DA:24,6
DA:25,6
DA:28,6
DA:29,6
DA:30,6
DA:32,6
DA:33,1
DA:36,6
DA:37,1
DA:39,1
DA:47,1
DA:48,1
DA:55,6
DA:56,1
DA:58,1
DA:67,1
DA:68,1
DA:75,6
DA:76,4
DA:78,4
DA:80,0
DA:82,0
DA:84,0
DA:88,6
DA:89,4
DA:91,4
DA:93,0
DA:95,0
DA:97,0
DA:101,6
DA:102,4
DA:103,4
DA:106,6
DA:107,0
DA:108,0
DA:112,6
DA:113,1
DA:122,5
DA:123,1
DA:135,4
DA:136,4
DA:137,4
DA:139,4
DA:271,1
LF:47
LH:39
BRDA:37,0,0,0
BRDA:37,0,1,1
BRDA:56,1,0,0
BRDA:56,1,1,1
BRDA:76,2,0,4
BRDA:76,2,1,0
BRDA:76,2,2,0
BRDA:76,2,3,0
BRDA:89,3,0,4
BRDA:89,3,1,0
BRDA:89,3,2,0
BRDA:89,3,3,0
BRDA:112,4,0,1
BRDA:112,4,1,5
BRDA:122,5,0,1
BRDA:122,5,1,4
BRDA:137,6,0,4
BRDA:137,6,1,4
BRDA:143,7,0,4
BRDA:143,7,1,0
BRDA:155,8,0,4
BRDA:155,8,1,0
BRDA:156,9,0,4
BRDA:156,9,1,0
BRDA:156,10,0,4
BRDA:156,10,1,0
BRDA:226,11,0,4
BRDA:226,11,1,0
BRDA:228,12,0,4
BRDA:228,12,1,4
BRDA:246,13,0,4
BRDA:246,13,1,4
BRDA:250,14,0,0
BRDA:250,14,1,4
BRF:34
BRH:20
end_of_record
TN:
SF:components/external-link.tsx
FN:7,ExternalLink
FN:13,(anonymous_1)
FNF:2
FNH:2
FNDA:2,ExternalLink
FNDA:1,(anonymous_1)
DA:8,2
DA:14,1
DA:16,1
DA:18,1
LF:4
LH:4
BRDA:14,0,0,1
BRDA:14,0,1,0
BRF:2
BRH:1
end_of_record
TN:
SF:components/haptic-tab.tsx
FN:5,HapticTab
FN:9,(anonymous_1)
FNF:2
FNH:2
FNDA:1,HapticTab
FNDA:1,(anonymous_1)
DA:6,1
DA:10,1
DA:12,1
DA:14,1
LF:4
LH:4
BRDA:10,0,0,1
BRDA:10,0,1,0
BRF:2
BRH:1
end_of_record
TN:
SF:components/hello-wave.tsx
FN:3,HelloWave
FNF:1
FNH:1
FNDA:2,HelloWave
DA:4,2
LF:1
LH:1
BRF:0
BRH:0
end_of_record
TN:
SF:components/parallax-scroll-view.tsx
FN:21,ParallaxScrollView
FN:30,(anonymous_1)
FNF:2
FNH:2
FNDA:4,ParallaxScrollView
FNDA:4,(anonymous_1)
DA:14,1
DA:26,4
DA:27,4
DA:28,4
DA:29,4
DA:30,4
DA:31,4
DA:47,4
DA:65,1
LF:9
LH:9
BRDA:27,0,0,4
BRDA:27,0,1,0
BRF:2
BRH:1
end_of_record
TN:
SF:components/themed-text.tsx
FN:11,ThemedText
FNF:1
FNH:1
FNDA:8,ThemedText
DA:18,8
DA:20,8
DA:36,1
LF:3
LH:3
BRDA:15,0,0,4
BRDA:24,1,0,4
BRDA:24,1,1,4
BRDA:25,2,0,1
BRDA:25,2,1,7
BRDA:26,3,0,1
BRDA:26,3,1,7
BRDA:27,4,0,1
BRDA:27,4,1,7
BRDA:28,5,0,1
BRDA:28,5,1,7
BRF:11
BRH:11
end_of_record
TN:
SF:components/themed-view.tsx
FN:10,ThemedView
FNF:1
FNH:1
FNDA:6,ThemedView
DA:11,6
DA:13,6
LF:2
LH:2
BRF:0
BRH:0
end_of_record
TN:
SF:components/common/FloatingActionButton.tsx
FN:9,FloatingActionButton
FNF:1
FNH:1
FNDA:3,FloatingActionButton
DA:10,3
DA:22,1
LF:2
LH:2
BRF:0
BRH:0
end_of_record
TN:
SF:components/common/Mascot.tsx
FN:37,Mascot
FNF:1
FNH:1
FNDA:4,Mascot
DA:18,1
DA:38,4
DA:40,4
DA:52,1
DA:71,1
LF:5
LH:5
BRDA:37,0,0,2
BRF:1
BRH:1
end_of_record
TN:
SF:components/common/SectionHeader.tsx
FN:13,SectionHeader
FNF:1
FNH:1
FNDA:6,SectionHeader
DA:14,6
DA:16,6
DA:29,1
LF:3
LH:3
BRDA:13,0,0,5
BRDA:19,1,0,6
BRDA:19,1,1,4
BRF:3
BRH:3
end_of_record
TN:
SF:components/courses/CourseCard.tsx
FN:13,getCourseIcon
FN:52,CourseCard
FNF:2
FNH:2
FNDA:17,getCourseIcon
FNDA:5,CourseCard
DA:18,17
DA:20,7
DA:22,1
DA:30,1
DA:32,1
DA:36,1
DA:38,1
DA:40,1
DA:42,1
DA:44,1
DA:46,1
DA:48,1
DA:53,5
DA:55,5
DA:189,1
LF:15
LH:15
BRDA:15,0,0,1
BRDA:16,1,0,1
BRDA:18,2,0,7
BRDA:18,2,1,1
BRDA:18,2,2,1
BRDA:18,2,3,1
BRDA:18,2,4,1
BRDA:18,2,5,1
BRDA:18,2,6,1
BRDA:18,2,7,1
BRDA:18,2,8,1
BRDA:18,2,9,1
BRDA:18,2,10,1
BRDA:101,3,0,5
BRDA:101,3,1,1
BRDA:119,4,0,5
BRDA:119,4,1,1
BRF:17
BRH:17
end_of_record
TN:
SF:components/home/HeaderGreeting.tsx
FN:10,HeaderGreeting
FN:13,(anonymous_1)
FNF:2
FNH:2
FNDA:5,HeaderGreeting
FNDA:5,(anonymous_1)
DA:11,5
DA:13,5
DA:14,5
DA:15,5
DA:16,4
DA:17,3
DA:20,5
DA:55,1
LF:8
LH:8
BRDA:10,0,0,5
BRDA:15,1,0,1
BRDA:15,1,1,4
BRDA:16,2,0,1
BRDA:16,2,1,3
BRF:5
BRH:5
end_of_record
TN:
SF:components/home/StatsCard.tsx
FN:16,StatsCard
FNF:1
FNH:1
FNDA:4,StatsCard
DA:24,4
DA:26,4
DA:63,1
LF:3
LH:3
BRDA:31,0,0,4
BRDA:31,0,1,3
BRDA:40,1,0,4
BRDA:40,1,1,3
BRDA:48,2,0,4
BRDA:48,2,1,3
BRF:6
BRH:6
end_of_record
TN:
SF:components/tasks/TaskCard.tsx
FN:13,(anonymous_0)
FN:31,(anonymous_1)
FN:49,(anonymous_2)
FN:62,(anonymous_3)
FN:75,(anonymous_4)
FN:94,TaskCard
FN:99,(anonymous_6)
FNF:7
FNH:7
FNDA:5,(anonymous_0)
FNDA:5,(anonymous_1)
FNDA:10,(anonymous_2)
FNDA:10,(anonymous_3)
FNDA:10,(anonymous_4)
FNDA:10,TaskCard
FNDA:10,(anonymous_6)
DA:13,1
DA:17,5
DA:19,1
DA:21,1
DA:23,1
DA:25,1
DA:27,1
DA:31,1
DA:35,5
DA:37,1
DA:39,1
DA:41,1
DA:43,1
DA:45,1
DA:49,1
DA:50,10
DA:52,7
DA:54,1
DA:56,1
DA:58,1
DA:62,1
DA:63,10
DA:65,7
DA:67,1
DA:69,1
DA:71,1
DA:75,1
DA:76,10
DA:77,10
DA:91,10
DA:95,10
DA:96,10
DA:97,10
DA:99,10
DA:100,10
DA:102,7
DA:104,1
DA:106,1
DA:108,1
DA:112,10
DA:207,1
LF:41
LH:41
BRDA:17,0,0,1
BRDA:17,0,1,1
BRDA:17,0,2,1
BRDA:17,0,3,1
BRDA:17,0,4,1
BRDA:35,1,0,1
BRDA:35,1,1,1
BRDA:35,1,2,1
BRDA:35,1,3,1
BRDA:35,1,4,1
BRDA:50,2,0,7
BRDA:50,2,1,1
BRDA:50,2,2,1
BRDA:50,2,3,1
BRDA:63,3,0,7
BRDA:63,3,1,1
BRDA:63,3,2,1
BRDA:63,3,3,1
BRDA:100,4,0,7
BRDA:100,4,1,1
BRDA:100,4,2,1
BRDA:100,4,3,1
BRF:22
BRH:22
end_of_record
TN:
SF:components/ui/collapsible.tsx
FN:10,Collapsible
FN:18,(anonymous_1)
FN:18,(anonymous_2)
FNF:3
FNH:3
FNDA:11,Collapsible
FNDA:4,(anonymous_1)
FNDA:4,(anonymous_2)
DA:11,11
DA:12,11
DA:14,11
DA:18,4
DA:35,1
LF:5
LH:5
BRDA:12,0,0,11
BRDA:12,0,1,1
BRDA:24,1,0,10
BRDA:24,1,1,1
BRDA:25,2,0,3
BRDA:25,2,1,8
BRDA:30,3,0,11
BRDA:30,3,1,3
BRF:8
BRH:8
end_of_record
TN:
SF:components/ui/icon-symbol.ios.tsx
FN:4,IconSymbol
FNF:1
FNH:1
FNDA:4,IconSymbol
DA:17,4
LF:1
LH:1
BRDA:6,0,0,3
BRDA:9,1,0,3
BRF:2
BRH:2
end_of_record
TN:
SF:components/ui/icon-symbol.tsx
FN:31,IconSymbol
FNF:1
FNH:0
FNDA:0,IconSymbol
DA:19,0
DA:43,0
LF:2
LH:0
BRDA:33,0,0,0
BRF:1
BRH:0
end_of_record
